

<!DOCTYPE html>
<html>
<head>
<meta charset="UTF-8">
<meta name="viewport" content="width=device-width, initial-scale=1, shrink-to-fit=no">
<title></title>
<link rel="apple-touch-icon" href="https://cdn.jsdelivr.net/gh/extent-framework/extent-github-cdn@b00a2d0486596e73dd7326beacf352c639623a0e/commons/img/logo.png">
<link rel="shortcut icon" href="https://cdn.jsdelivr.net/gh/extent-framework/extent-github-cdn@b00a2d0486596e73dd7326beacf352c639623a0e/commons/img/logo.png">
<link href="https://cdn.jsdelivr.net/gh/extent-framework/extent-github-cdn@d6562a79075e061305ccfdb82f01e5e195e2d307/spark/css/spark-style.css" rel="stylesheet" />
<link href="https://stackpath.bootstrapcdn.com/font-awesome/4.7.0/css/font-awesome.min.css" rel="stylesheet">
<script src="https://cdn.rawgit.com/extent-framework/extent-github-cdn/7cc78ce/spark/js/jsontree.js"></script>
<style type="text/css"></style></head><body class="spa -report standard">
  <div class="app">
    <div class="layout">
<div class="header navbar">
<div class="vheader">
<div class="nav-logo">
<a href="#">
<div class="logo" style="background-image: url('https://cdn.jsdelivr.net/gh/extent-framework/extent-github-cdn@b00a2d0486596e73dd7326beacf352c639623a0e/commons/img/logo.png')"></div>
</a>
</div>
<ul class="nav-left">
<li class="search-box">
<a class="search-toggle" href="#">
<i class="search-icon fa fa-search"></i>
<i class="search-icon-close fa fa-close"></i>
</a>
</li>
<li class="search-input"><input id="search-tests" class="form-control" type="text" placeholder="Search..."></li>
</ul>
<ul class="nav-right">
<li class="m-r-10">
<a href="#"><span class="badge badge-primary">Open Cart Automation Test Results</span></a>
</li>
<li class="m-r-10">
<a href="#"><span class="badge badge-primary">Apr 24, 2024 08:59:12 AM</span></a>
</li>
</ul>
</div>
</div><div class="side-nav">
<div class="side-nav-inner">
<ul class="side-nav-menu">
<li class="nav-item dropdown" onclick="toggleView('test-view')">
<a id="nav-test" class="dropdown-toggle" href="#">
<span class="ico"><i class="fa fa-list"></i></span>
</a>
</li>
<li class="nav-item dropdown" onclick="toggleView('exception-view')">
<a id="nav-exception" class="dropdown-toggle" href="#">
<span class="ico"><i class="fa fa-bug"></i></span>
</a>
</li>
<li class="nav-item dropdown" onclick="toggleView('category-view')">
<a id="nav-category" class="dropdown-toggle" href="#">
<span class="ico"><i class="fa fa-tag"></i></span>
</a>
</li>
<li class="nav-item dropdown" onclick="toggleView('dashboard-view')">
<a id="nav-dashboard" class="dropdown-toggle" href="#">
<span class="ico"><i class="fa fa-bar-chart"></i></span>
</a>
</li>
</ul>
</div>
</div>      <div class="vcontainer">
        <div class="main-content">
<div class="test-wrapper row view test-view">
  <div class="test-list">
    <div class="test-list-tools">
<ul class="tools pull-left">
<li><a href="#"><span class="font-size-14">Tests</span></a></li>
</ul>
<ul class="tools text-right">
<li class="dropdown">
<a href="#" class="dropdown-toggle" data-toggle="dropdown"><i class="fa fa-exclamation-circle"></i></a>
<ul id="status-toggle" class="dropdown-menu dropdown-md p-v-0">
<a class="dropdown-item" status="pass" href="#"><span>Pass</span><span class="status success"></span></a>
<a class="dropdown-item" status="fail" href="#"><span>Fail</span><span class="status danger"></span></a>
<a class="dropdown-item" status="skip" href="#"><span>Skip</span><span class="status warning"></span></a>
<div class="dropdown-divider"></div>
<a status="clear" class="dropdown-item" href="#"><span>Clear</span><span class="pull-right"><i class="fa fa-close"></i></span></a>
</ul>
</li>
<li class="dropdown">
<a href="#" class="dropdown-toggle" data-toggle="dropdown"><i class="fa fa-tag"></i></a>
<ul id="tag-toggle" class="dropdown-menu dropdown-md p-v-0">
<a class="dropdown-item" href="#">ProductInfoTest</a><a class="dropdown-item" href="#">OpenCartTestRegressionSuite</a>
</ul>
</li>
</ul>
</div>    <div class="test-list-wrapper scrollable">
      <ul class="test-list-item">
        <li class="test-item"  status="pass" test-id="1"
          author=""
          tag="OpenCartTestRegressionSuite ProductInfoTest"
          device="">
          <div class="test-detail">
            <p class="name">MainProductNameMetaDataTest</p>
            <p class="text-sm">
              <span>8:59:22 AM</span> / <span>00:00:03:503</span>
              <span class="badge pass-bg log float-right">Pass</span>
            </p>
          </div>
          <div class="test-contents d-none">
<div class="detail-head">
<div class="p-v-10">
<div class="info">
<h5 class="test-status text-pass">MainProductNameMetaDataTest</h5>
<span class='badge badge-success'>04.24.2024 8:59:22 AM</span>
<span class='badge badge-danger'>04.24.2024 8:59:26 AM</span>
<span class='badge badge-default'>00:00:03:503</span>
&middot; <span class='uri-anchor badge badge-default'>#test-id=1</span>
<span class='badge badge-default pointer float-right ml-1 et'><i class="fa fa-chevron-down"></i></span>
<span class='badge badge-default pointer float-right ct'><i class="fa fa-chevron-up"></i></span>
</div>
<div class="m-t-15"><span class="badge badge-pill badge-default">OpenCartTestRegressionSuite</span>
<span class="badge badge-pill badge-default">ProductInfoTest</span></div>
<div class="m-t-10 m-l-5"></div>
</div>
</div><div class="detail-body mt-4">
<table class="table table-sm">
  <thead><tr><th class="status-col">Status</th><th class="timestamp-col">Timestamp</th><th class="details-col">Details</th></tr></thead>
  <tbody>
      <tr class="event-row">
        <td><span class="badge log pass-bg">Pass</span></td>
        <td>8:59:26 AM</td>
        <td>
          Test passed
        </td>
      </tr>
  </tbody>
</table>
</div>
          </div>
        </li>
        <li class="test-item"  status="skip" test-id="2"
          author=""
          tag="OpenCartTestRegressionSuite ProductInfoTest"
          device="">
          <div class="test-detail">
            <p class="name">MainProductNameMetaDataTest</p>
            <p class="text-sm">
              <span>8:59:26 AM</span> / <span>00:00:02:354</span>
              <span class="badge skip-bg log float-right">Skip</span>
            </p>
          </div>
          <div class="test-contents d-none">
<div class="detail-head">
<div class="p-v-10">
<div class="info">
<h5 class="test-status text-skip">MainProductNameMetaDataTest</h5>
<span class='badge badge-success'>04.24.2024 8:59:26 AM</span>
<span class='badge badge-danger'>04.24.2024 8:59:28 AM</span>
<span class='badge badge-default'>00:00:02:354</span>
&middot; <span class='uri-anchor badge badge-default'>#test-id=2</span>
<span class='badge badge-default pointer float-right ml-1 et'><i class="fa fa-chevron-down"></i></span>
<span class='badge badge-default pointer float-right ct'><i class="fa fa-chevron-up"></i></span>
</div>
<div class="m-t-15"><span class="badge badge-pill badge-default">OpenCartTestRegressionSuite</span>
<span class="badge badge-pill badge-default">ProductInfoTest</span></div>
<div class="m-t-10 m-l-5"></div>
</div>
</div><div class="detail-body mt-4">
<table class="table table-sm">
  <thead><tr><th class="status-col">Status</th><th class="timestamp-col">Timestamp</th><th class="details-col">Details</th></tr></thead>
  <tbody>
      <tr class="event-row">
        <td><span class="badge log skip-bg">Skip</span></td>
        <td>8:59:29 AM</td>
        <td>
          <textarea readonly class="code-block">java.lang.AssertionError: The following asserts failed:
	expected [Product 18] but found [Product 14],
	expected [$2,000.00] but found [$100.00],
	expected [In Stock] but found [Out Of Stock]
	at org.testng.asserts.SoftAssert.assertAll(SoftAssert.java:47)
	at org.testng.asserts.SoftAssert.assertAll(SoftAssert.java:31)
	at com.qa.opencart.tests.ProductInfoTest.MainProductNameMetaDataTest(ProductInfoTest.java:92)
	at java.base/jdk.internal.reflect.NativeMethodAccessorImpl.invoke0(Native Method)
	at java.base/jdk.internal.reflect.NativeMethodAccessorImpl.invoke(NativeMethodAccessorImpl.java:62)
	at java.base/jdk.internal.reflect.DelegatingMethodAccessorImpl.invoke(DelegatingMethodAccessorImpl.java:43)
	at java.base/java.lang.reflect.Method.invoke(Method.java:566)
	at org.testng.internal.MethodInvocationHelper.invokeMethod(MethodInvocationHelper.java:133)
	at org.testng.internal.TestInvoker.invokeMethod(TestInvoker.java:584)
	at org.testng.internal.TestInvoker.invokeTestMethod(TestInvoker.java:172)
	at org.testng.internal.MethodRunner.runInSequence(MethodRunner.java:46)
	at org.testng.internal.TestInvoker$MethodInvocationAgent.invoke(TestInvoker.java:804)
	at org.testng.internal.TestInvoker.invokeTestMethods(TestInvoker.java:145)
	at org.testng.internal.TestMethodWorker.invokeTestMethods(TestMethodWorker.java:146)
	at org.testng.internal.TestMethodWorker.run(TestMethodWorker.java:128)
	at java.base/java.util.ArrayList.forEach(ArrayList.java:1541)
	at org.testng.TestRunner.privateRun(TestRunner.java:770)
	at org.testng.TestRunner.run(TestRunner.java:591)
	at org.testng.SuiteRunner.runTest(SuiteRunner.java:402)
	at org.testng.SuiteRunner.access$000(SuiteRunner.java:41)
	at org.testng.SuiteRunner$SuiteWorker.run(SuiteRunner.java:443)
	at org.testng.internal.thread.ThreadUtil.lambda$execute$0(ThreadUtil.java:67)
	at java.base/java.util.concurrent.FutureTask.run(FutureTask.java:264)
	at java.base/java.util.concurrent.ThreadPoolExecutor.runWorker(ThreadPoolExecutor.java:1128)
	at java.base/java.util.concurrent.ThreadPoolExecutor$Worker.run(ThreadPoolExecutor.java:628)
	at java.base/java.lang.Thread.run(Thread.java:834)
</textarea>
          
    <div class="row mb-3"><div class="col-md-3">
<img data-featherlight='./screenshot/1713941969167.png' src="./screenshot/1713941969167.png">
    
    </div></div>
        </td>
      </tr>
  </tbody>
</table>
</div>
          </div>
        </li>
        <li class="test-item"  status="skip" test-id="3"
          author=""
          tag="OpenCartTestRegressionSuite ProductInfoTest"
          device="">
          <div class="test-detail">
            <p class="name">MainProductNameMetaDataTest</p>
            <p class="text-sm">
              <span>8:59:29 AM</span> / <span>00:00:01:646</span>
              <span class="badge skip-bg log float-right">Skip</span>
            </p>
          </div>
          <div class="test-contents d-none">
<div class="detail-head">
<div class="p-v-10">
<div class="info">
<h5 class="test-status text-skip">MainProductNameMetaDataTest</h5>
<span class='badge badge-success'>04.24.2024 8:59:29 AM</span>
<span class='badge badge-danger'>04.24.2024 8:59:30 AM</span>
<span class='badge badge-default'>00:00:01:646</span>
&middot; <span class='uri-anchor badge badge-default'>#test-id=3</span>
<span class='badge badge-default pointer float-right ml-1 et'><i class="fa fa-chevron-down"></i></span>
<span class='badge badge-default pointer float-right ct'><i class="fa fa-chevron-up"></i></span>
</div>
<div class="m-t-15"><span class="badge badge-pill badge-default">OpenCartTestRegressionSuite</span>
<span class="badge badge-pill badge-default">ProductInfoTest</span></div>
<div class="m-t-10 m-l-5"></div>
</div>
</div><div class="detail-body mt-4">
<table class="table table-sm">
  <thead><tr><th class="status-col">Status</th><th class="timestamp-col">Timestamp</th><th class="details-col">Details</th></tr></thead>
  <tbody>
      <tr class="event-row">
        <td><span class="badge log skip-bg">Skip</span></td>
        <td>8:59:31 AM</td>
        <td>
          <textarea readonly class="code-block">java.lang.AssertionError: The following asserts failed:
	expected [Product 18] but found [Product 14],
	expected [$2,000.00] but found [$100.00],
	expected [In Stock] but found [Out Of Stock],
	expected [Product 18] but found [Product 14],
	expected [$2,000.00] but found [$100.00],
	expected [In Stock] but found [Out Of Stock]
	at org.testng.asserts.SoftAssert.assertAll(SoftAssert.java:47)
	at org.testng.asserts.SoftAssert.assertAll(SoftAssert.java:31)
	at com.qa.opencart.tests.ProductInfoTest.MainProductNameMetaDataTest(ProductInfoTest.java:92)
	at java.base/jdk.internal.reflect.NativeMethodAccessorImpl.invoke0(Native Method)
	at java.base/jdk.internal.reflect.NativeMethodAccessorImpl.invoke(NativeMethodAccessorImpl.java:62)
	at java.base/jdk.internal.reflect.DelegatingMethodAccessorImpl.invoke(DelegatingMethodAccessorImpl.java:43)
	at java.base/java.lang.reflect.Method.invoke(Method.java:566)
	at org.testng.internal.MethodInvocationHelper.invokeMethod(MethodInvocationHelper.java:133)
	at org.testng.internal.TestInvoker.invokeMethod(TestInvoker.java:584)
	at org.testng.internal.TestInvoker.retryFailed(TestInvoker.java:204)
	at org.testng.internal.MethodRunner.runInSequence(MethodRunner.java:58)
	at org.testng.internal.TestInvoker$MethodInvocationAgent.invoke(TestInvoker.java:804)
	at org.testng.internal.TestInvoker.invokeTestMethods(TestInvoker.java:145)
	at org.testng.internal.TestMethodWorker.invokeTestMethods(TestMethodWorker.java:146)
	at org.testng.internal.TestMethodWorker.run(TestMethodWorker.java:128)
	at java.base/java.util.ArrayList.forEach(ArrayList.java:1541)
	at org.testng.TestRunner.privateRun(TestRunner.java:770)
	at org.testng.TestRunner.run(TestRunner.java:591)
	at org.testng.SuiteRunner.runTest(SuiteRunner.java:402)
	at org.testng.SuiteRunner.access$000(SuiteRunner.java:41)
	at org.testng.SuiteRunner$SuiteWorker.run(SuiteRunner.java:443)
	at org.testng.internal.thread.ThreadUtil.lambda$execute$0(ThreadUtil.java:67)
	at java.base/java.util.concurrent.FutureTask.run(FutureTask.java:264)
	at java.base/java.util.concurrent.ThreadPoolExecutor.runWorker(ThreadPoolExecutor.java:1128)
	at java.base/java.util.concurrent.ThreadPoolExecutor$Worker.run(ThreadPoolExecutor.java:628)
	at java.base/java.lang.Thread.run(Thread.java:834)
</textarea>
          
    <div class="row mb-3"><div class="col-md-3">
<img data-featherlight='./screenshot/1713941971074.png' src="./screenshot/1713941971074.png">
    
    </div></div>
        </td>
      </tr>
  </tbody>
</table>
</div>
          </div>
        </li>
        <li class="test-item"  status="skip" test-id="4"
          author=""
          tag="OpenCartTestRegressionSuite ProductInfoTest"
          device="">
          <div class="test-detail">
            <p class="name">MainProductNameMetaDataTest</p>
            <p class="text-sm">
              <span>8:59:31 AM</span> / <span>00:00:01:702</span>
              <span class="badge skip-bg log float-right">Skip</span>
            </p>
          </div>
          <div class="test-contents d-none">
<div class="detail-head">
<div class="p-v-10">
<div class="info">
<h5 class="test-status text-skip">MainProductNameMetaDataTest</h5>
<span class='badge badge-success'>04.24.2024 8:59:31 AM</span>
<span class='badge badge-danger'>04.24.2024 8:59:32 AM</span>
<span class='badge badge-default'>00:00:01:702</span>
&middot; <span class='uri-anchor badge badge-default'>#test-id=4</span>
<span class='badge badge-default pointer float-right ml-1 et'><i class="fa fa-chevron-down"></i></span>
<span class='badge badge-default pointer float-right ct'><i class="fa fa-chevron-up"></i></span>
</div>
<div class="m-t-15"><span class="badge badge-pill badge-default">OpenCartTestRegressionSuite</span>
<span class="badge badge-pill badge-default">ProductInfoTest</span></div>
<div class="m-t-10 m-l-5"></div>
</div>
</div><div class="detail-body mt-4">
<table class="table table-sm">
  <thead><tr><th class="status-col">Status</th><th class="timestamp-col">Timestamp</th><th class="details-col">Details</th></tr></thead>
  <tbody>
      <tr class="event-row">
        <td><span class="badge log skip-bg">Skip</span></td>
        <td>8:59:33 AM</td>
        <td>
          <textarea readonly class="code-block">java.lang.AssertionError: The following asserts failed:
	expected [Product 18] but found [Product 14],
	expected [$2,000.00] but found [$100.00],
	expected [In Stock] but found [Out Of Stock],
	expected [Product 18] but found [Product 14],
	expected [$2,000.00] but found [$100.00],
	expected [In Stock] but found [Out Of Stock],
	expected [Product 18] but found [Product 14],
	expected [$2,000.00] but found [$100.00],
	expected [In Stock] but found [Out Of Stock]
	at org.testng.asserts.SoftAssert.assertAll(SoftAssert.java:47)
	at org.testng.asserts.SoftAssert.assertAll(SoftAssert.java:31)
	at com.qa.opencart.tests.ProductInfoTest.MainProductNameMetaDataTest(ProductInfoTest.java:92)
	at java.base/jdk.internal.reflect.NativeMethodAccessorImpl.invoke0(Native Method)
	at java.base/jdk.internal.reflect.NativeMethodAccessorImpl.invoke(NativeMethodAccessorImpl.java:62)
	at java.base/jdk.internal.reflect.DelegatingMethodAccessorImpl.invoke(DelegatingMethodAccessorImpl.java:43)
	at java.base/java.lang.reflect.Method.invoke(Method.java:566)
	at org.testng.internal.MethodInvocationHelper.invokeMethod(MethodInvocationHelper.java:133)
	at org.testng.internal.TestInvoker.invokeMethod(TestInvoker.java:584)
	at org.testng.internal.TestInvoker.retryFailed(TestInvoker.java:204)
	at org.testng.internal.MethodRunner.runInSequence(MethodRunner.java:58)
	at org.testng.internal.TestInvoker$MethodInvocationAgent.invoke(TestInvoker.java:804)
	at org.testng.internal.TestInvoker.invokeTestMethods(TestInvoker.java:145)
	at org.testng.internal.TestMethodWorker.invokeTestMethods(TestMethodWorker.java:146)
	at org.testng.internal.TestMethodWorker.run(TestMethodWorker.java:128)
	at java.base/java.util.ArrayList.forEach(ArrayList.java:1541)
	at org.testng.TestRunner.privateRun(TestRunner.java:770)
	at org.testng.TestRunner.run(TestRunner.java:591)
	at org.testng.SuiteRunner.runTest(SuiteRunner.java:402)
	at org.testng.SuiteRunner.access$000(SuiteRunner.java:41)
	at org.testng.SuiteRunner$SuiteWorker.run(SuiteRunner.java:443)
	at org.testng.internal.thread.ThreadUtil.lambda$execute$0(ThreadUtil.java:67)
	at java.base/java.util.concurrent.FutureTask.run(FutureTask.java:264)
	at java.base/java.util.concurrent.ThreadPoolExecutor.runWorker(ThreadPoolExecutor.java:1128)
	at java.base/java.util.concurrent.ThreadPoolExecutor$Worker.run(ThreadPoolExecutor.java:628)
	at java.base/java.lang.Thread.run(Thread.java:834)
</textarea>
          
    <div class="row mb-3"><div class="col-md-3">
<img data-featherlight='./screenshot/1713941973007.png' src="./screenshot/1713941973007.png">
    
    </div></div>
        </td>
      </tr>
  </tbody>
</table>
</div>
          </div>
        </li>
        <li class="test-item"  status="fail" test-id="5"
          author=""
          tag="OpenCartTestRegressionSuite ProductInfoTest"
          device="">
          <div class="test-detail">
            <p class="name">MainProductNameMetaDataTest</p>
            <p class="text-sm">
              <span>8:59:33 AM</span> / <span>00:00:01:676</span>
              <span class="badge fail-bg log float-right">Fail</span>
            </p>
          </div>
          <div class="test-contents d-none">
<div class="detail-head">
<div class="p-v-10">
<div class="info">
<h5 class="test-status text-fail">MainProductNameMetaDataTest</h5>
<span class='badge badge-success'>04.24.2024 8:59:33 AM</span>
<span class='badge badge-danger'>04.24.2024 8:59:34 AM</span>
<span class='badge badge-default'>00:00:01:676</span>
&middot; <span class='uri-anchor badge badge-default'>#test-id=5</span>
<span class='badge badge-default pointer float-right ml-1 et'><i class="fa fa-chevron-down"></i></span>
<span class='badge badge-default pointer float-right ct'><i class="fa fa-chevron-up"></i></span>
</div>
<div class="m-t-15"><span class="badge badge-pill badge-default">OpenCartTestRegressionSuite</span>
<span class="badge badge-pill badge-default">ProductInfoTest</span></div>
<div class="m-t-10 m-l-5"></div>
</div>
</div><div class="detail-body mt-4">
<table class="table table-sm">
  <thead><tr><th class="status-col">Status</th><th class="timestamp-col">Timestamp</th><th class="details-col">Details</th></tr></thead>
  <tbody>
      <tr class="event-row">
        <td><span class="badge log fail-bg">Fail</span></td>
        <td>8:59:35 AM</td>
        <td>
          <textarea readonly class="code-block">java.lang.AssertionError: The following asserts failed:
	expected [Product 18] but found [Product 14],
	expected [$2,000.00] but found [$100.00],
	expected [In Stock] but found [Out Of Stock],
	expected [Product 18] but found [Product 14],
	expected [$2,000.00] but found [$100.00],
	expected [In Stock] but found [Out Of Stock],
	expected [Product 18] but found [Product 14],
	expected [$2,000.00] but found [$100.00],
	expected [In Stock] but found [Out Of Stock],
	expected [Product 18] but found [Product 14],
	expected [$2,000.00] but found [$100.00],
	expected [In Stock] but found [Out Of Stock]
	at org.testng.asserts.SoftAssert.assertAll(SoftAssert.java:47)
	at org.testng.asserts.SoftAssert.assertAll(SoftAssert.java:31)
	at com.qa.opencart.tests.ProductInfoTest.MainProductNameMetaDataTest(ProductInfoTest.java:92)
	at java.base/jdk.internal.reflect.NativeMethodAccessorImpl.invoke0(Native Method)
	at java.base/jdk.internal.reflect.NativeMethodAccessorImpl.invoke(NativeMethodAccessorImpl.java:62)
	at java.base/jdk.internal.reflect.DelegatingMethodAccessorImpl.invoke(DelegatingMethodAccessorImpl.java:43)
	at java.base/java.lang.reflect.Method.invoke(Method.java:566)
	at org.testng.internal.MethodInvocationHelper.invokeMethod(MethodInvocationHelper.java:133)
	at org.testng.internal.TestInvoker.invokeMethod(TestInvoker.java:584)
	at org.testng.internal.TestInvoker.retryFailed(TestInvoker.java:204)
	at org.testng.internal.MethodRunner.runInSequence(MethodRunner.java:58)
	at org.testng.internal.TestInvoker$MethodInvocationAgent.invoke(TestInvoker.java:804)
	at org.testng.internal.TestInvoker.invokeTestMethods(TestInvoker.java:145)
	at org.testng.internal.TestMethodWorker.invokeTestMethods(TestMethodWorker.java:146)
	at org.testng.internal.TestMethodWorker.run(TestMethodWorker.java:128)
	at java.base/java.util.ArrayList.forEach(ArrayList.java:1541)
	at org.testng.TestRunner.privateRun(TestRunner.java:770)
	at org.testng.TestRunner.run(TestRunner.java:591)
	at org.testng.SuiteRunner.runTest(SuiteRunner.java:402)
	at org.testng.SuiteRunner.access$000(SuiteRunner.java:41)
	at org.testng.SuiteRunner$SuiteWorker.run(SuiteRunner.java:443)
	at org.testng.internal.thread.ThreadUtil.lambda$execute$0(ThreadUtil.java:67)
	at java.base/java.util.concurrent.FutureTask.run(FutureTask.java:264)
	at java.base/java.util.concurrent.ThreadPoolExecutor.runWorker(ThreadPoolExecutor.java:1128)
	at java.base/java.util.concurrent.ThreadPoolExecutor$Worker.run(ThreadPoolExecutor.java:628)
	at java.base/java.lang.Thread.run(Thread.java:834)
</textarea>
          
    <div class="row mb-3"><div class="col-md-3">
<img data-featherlight='./screenshot/1713941975140.png' src="./screenshot/1713941975140.png">
    
    </div></div>
        </td>
      </tr>
  </tbody>
</table>
</div>
          </div>
        </li>
        <li class="test-item"  status="skip" test-id="6"
          author=""
          tag="OpenCartTestRegressionSuite ProductInfoTest"
          device="">
          <div class="test-detail">
            <p class="name">MainProductNameMetaDataTest</p>
            <p class="text-sm">
              <span>8:59:35 AM</span> / <span>00:00:02:700</span>
              <span class="badge skip-bg log float-right">Skip</span>
            </p>
          </div>
          <div class="test-contents d-none">
<div class="detail-head">
<div class="p-v-10">
<div class="info">
<h5 class="test-status text-skip">MainProductNameMetaDataTest</h5>
<span class='badge badge-success'>04.24.2024 8:59:35 AM</span>
<span class='badge badge-danger'>04.24.2024 8:59:37 AM</span>
<span class='badge badge-default'>00:00:02:700</span>
&middot; <span class='uri-anchor badge badge-default'>#test-id=6</span>
<span class='badge badge-default pointer float-right ml-1 et'><i class="fa fa-chevron-down"></i></span>
<span class='badge badge-default pointer float-right ct'><i class="fa fa-chevron-up"></i></span>
</div>
<div class="m-t-15"><span class="badge badge-pill badge-default">OpenCartTestRegressionSuite</span>
<span class="badge badge-pill badge-default">ProductInfoTest</span></div>
<div class="m-t-10 m-l-5"></div>
</div>
</div><div class="detail-body mt-4">
<table class="table table-sm">
  <thead><tr><th class="status-col">Status</th><th class="timestamp-col">Timestamp</th><th class="details-col">Details</th></tr></thead>
  <tbody>
      <tr class="event-row">
        <td><span class="badge log skip-bg">Skip</span></td>
        <td>8:59:38 AM</td>
        <td>
          <textarea readonly class="code-block">java.lang.AssertionError: The following asserts failed:
	expected [Product 18] but found [Product 14],
	expected [$2,000.00] but found [$100.00],
	expected [In Stock] but found [Out Of Stock],
	expected [Product 18] but found [Product 14],
	expected [$2,000.00] but found [$100.00],
	expected [In Stock] but found [Out Of Stock],
	expected [Product 18] but found [Product 14],
	expected [$2,000.00] but found [$100.00],
	expected [In Stock] but found [Out Of Stock],
	expected [Product 18] but found [Product 14],
	expected [$2,000.00] but found [$100.00],
	expected [In Stock] but found [Out Of Stock],
	did not expect to find [Apple] but found [null],
	expected [Product 18] but found [SAM1],
	expected [$2,000.00] but found [$199.99],
	expected [In Stock] but found [Pre-Order]
	at org.testng.asserts.SoftAssert.assertAll(SoftAssert.java:47)
	at org.testng.asserts.SoftAssert.assertAll(SoftAssert.java:31)
	at com.qa.opencart.tests.ProductInfoTest.MainProductNameMetaDataTest(ProductInfoTest.java:92)
	at java.base/jdk.internal.reflect.NativeMethodAccessorImpl.invoke0(Native Method)
	at java.base/jdk.internal.reflect.NativeMethodAccessorImpl.invoke(NativeMethodAccessorImpl.java:62)
	at java.base/jdk.internal.reflect.DelegatingMethodAccessorImpl.invoke(DelegatingMethodAccessorImpl.java:43)
	at java.base/java.lang.reflect.Method.invoke(Method.java:566)
	at org.testng.internal.MethodInvocationHelper.invokeMethod(MethodInvocationHelper.java:133)
	at org.testng.internal.TestInvoker.invokeMethod(TestInvoker.java:584)
	at org.testng.internal.TestInvoker.invokeTestMethod(TestInvoker.java:172)
	at org.testng.internal.MethodRunner.runInSequence(MethodRunner.java:46)
	at org.testng.internal.TestInvoker$MethodInvocationAgent.invoke(TestInvoker.java:804)
	at org.testng.internal.TestInvoker.invokeTestMethods(TestInvoker.java:145)
	at org.testng.internal.TestMethodWorker.invokeTestMethods(TestMethodWorker.java:146)
	at org.testng.internal.TestMethodWorker.run(TestMethodWorker.java:128)
	at java.base/java.util.ArrayList.forEach(ArrayList.java:1541)
	at org.testng.TestRunner.privateRun(TestRunner.java:770)
	at org.testng.TestRunner.run(TestRunner.java:591)
	at org.testng.SuiteRunner.runTest(SuiteRunner.java:402)
	at org.testng.SuiteRunner.access$000(SuiteRunner.java:41)
	at org.testng.SuiteRunner$SuiteWorker.run(SuiteRunner.java:443)
	at org.testng.internal.thread.ThreadUtil.lambda$execute$0(ThreadUtil.java:67)
	at java.base/java.util.concurrent.FutureTask.run(FutureTask.java:264)
	at java.base/java.util.concurrent.ThreadPoolExecutor.runWorker(ThreadPoolExecutor.java:1128)
	at java.base/java.util.concurrent.ThreadPoolExecutor$Worker.run(ThreadPoolExecutor.java:628)
	at java.base/java.lang.Thread.run(Thread.java:834)
</textarea>
          
    <div class="row mb-3"><div class="col-md-3">
<img data-featherlight='./screenshot/1713941978097.png' src="./screenshot/1713941978097.png">
    
    </div></div>
        </td>
      </tr>
  </tbody>
</table>
</div>
          </div>
        </li>
        <li class="test-item"  status="skip" test-id="7"
          author=""
          tag="OpenCartTestRegressionSuite ProductInfoTest"
          device="">
          <div class="test-detail">
            <p class="name">MainProductNameMetaDataTest</p>
            <p class="text-sm">
              <span>8:59:38 AM</span> / <span>00:00:01:666</span>
              <span class="badge skip-bg log float-right">Skip</span>
            </p>
          </div>
          <div class="test-contents d-none">
<div class="detail-head">
<div class="p-v-10">
<div class="info">
<h5 class="test-status text-skip">MainProductNameMetaDataTest</h5>
<span class='badge badge-success'>04.24.2024 8:59:38 AM</span>
<span class='badge badge-danger'>04.24.2024 8:59:39 AM</span>
<span class='badge badge-default'>00:00:01:666</span>
&middot; <span class='uri-anchor badge badge-default'>#test-id=7</span>
<span class='badge badge-default pointer float-right ml-1 et'><i class="fa fa-chevron-down"></i></span>
<span class='badge badge-default pointer float-right ct'><i class="fa fa-chevron-up"></i></span>
</div>
<div class="m-t-15"><span class="badge badge-pill badge-default">OpenCartTestRegressionSuite</span>
<span class="badge badge-pill badge-default">ProductInfoTest</span></div>
<div class="m-t-10 m-l-5"></div>
</div>
</div><div class="detail-body mt-4">
<table class="table table-sm">
  <thead><tr><th class="status-col">Status</th><th class="timestamp-col">Timestamp</th><th class="details-col">Details</th></tr></thead>
  <tbody>
      <tr class="event-row">
        <td><span class="badge log skip-bg">Skip</span></td>
        <td>8:59:40 AM</td>
        <td>
          <textarea readonly class="code-block">java.lang.AssertionError: The following asserts failed:
	expected [Product 18] but found [Product 14],
	expected [$2,000.00] but found [$100.00],
	expected [In Stock] but found [Out Of Stock],
	expected [Product 18] but found [Product 14],
	expected [$2,000.00] but found [$100.00],
	expected [In Stock] but found [Out Of Stock],
	expected [Product 18] but found [Product 14],
	expected [$2,000.00] but found [$100.00],
	expected [In Stock] but found [Out Of Stock],
	expected [Product 18] but found [Product 14],
	expected [$2,000.00] but found [$100.00],
	expected [In Stock] but found [Out Of Stock],
	did not expect to find [Apple] but found [null],
	expected [Product 18] but found [SAM1],
	expected [$2,000.00] but found [$199.99],
	expected [In Stock] but found [Pre-Order],
	did not expect to find [Apple] but found [null],
	expected [Product 18] but found [SAM1],
	expected [$2,000.00] but found [$199.99],
	expected [In Stock] but found [Pre-Order]
	at org.testng.asserts.SoftAssert.assertAll(SoftAssert.java:47)
	at org.testng.asserts.SoftAssert.assertAll(SoftAssert.java:31)
	at com.qa.opencart.tests.ProductInfoTest.MainProductNameMetaDataTest(ProductInfoTest.java:92)
	at java.base/jdk.internal.reflect.NativeMethodAccessorImpl.invoke0(Native Method)
	at java.base/jdk.internal.reflect.NativeMethodAccessorImpl.invoke(NativeMethodAccessorImpl.java:62)
	at java.base/jdk.internal.reflect.DelegatingMethodAccessorImpl.invoke(DelegatingMethodAccessorImpl.java:43)
	at java.base/java.lang.reflect.Method.invoke(Method.java:566)
	at org.testng.internal.MethodInvocationHelper.invokeMethod(MethodInvocationHelper.java:133)
	at org.testng.internal.TestInvoker.invokeMethod(TestInvoker.java:584)
	at org.testng.internal.TestInvoker.retryFailed(TestInvoker.java:204)
	at org.testng.internal.MethodRunner.runInSequence(MethodRunner.java:58)
	at org.testng.internal.TestInvoker$MethodInvocationAgent.invoke(TestInvoker.java:804)
	at org.testng.internal.TestInvoker.invokeTestMethods(TestInvoker.java:145)
	at org.testng.internal.TestMethodWorker.invokeTestMethods(TestMethodWorker.java:146)
	at org.testng.internal.TestMethodWorker.run(TestMethodWorker.java:128)
	at java.base/java.util.ArrayList.forEach(ArrayList.java:1541)
	at org.testng.TestRunner.privateRun(TestRunner.java:770)
	at org.testng.TestRunner.run(TestRunner.java:591)
	at org.testng.SuiteRunner.runTest(SuiteRunner.java:402)
	at org.testng.SuiteRunner.access$000(SuiteRunner.java:41)
	at org.testng.SuiteRunner$SuiteWorker.run(SuiteRunner.java:443)
	at org.testng.internal.thread.ThreadUtil.lambda$execute$0(ThreadUtil.java:67)
	at java.base/java.util.concurrent.FutureTask.run(FutureTask.java:264)
	at java.base/java.util.concurrent.ThreadPoolExecutor.runWorker(ThreadPoolExecutor.java:1128)
	at java.base/java.util.concurrent.ThreadPoolExecutor$Worker.run(ThreadPoolExecutor.java:628)
	at java.base/java.lang.Thread.run(Thread.java:834)
</textarea>
          
    <div class="row mb-3"><div class="col-md-3">
<img data-featherlight='./screenshot/1713941980009.png' src="./screenshot/1713941980009.png">
    
    </div></div>
        </td>
      </tr>
  </tbody>
</table>
</div>
          </div>
        </li>
        <li class="test-item"  status="skip" test-id="8"
          author=""
          tag="OpenCartTestRegressionSuite ProductInfoTest"
          device="">
          <div class="test-detail">
            <p class="name">MainProductNameMetaDataTest</p>
            <p class="text-sm">
              <span>8:59:40 AM</span> / <span>00:00:01:686</span>
              <span class="badge skip-bg log float-right">Skip</span>
            </p>
          </div>
          <div class="test-contents d-none">
<div class="detail-head">
<div class="p-v-10">
<div class="info">
<h5 class="test-status text-skip">MainProductNameMetaDataTest</h5>
<span class='badge badge-success'>04.24.2024 8:59:40 AM</span>
<span class='badge badge-danger'>04.24.2024 8:59:41 AM</span>
<span class='badge badge-default'>00:00:01:686</span>
&middot; <span class='uri-anchor badge badge-default'>#test-id=8</span>
<span class='badge badge-default pointer float-right ml-1 et'><i class="fa fa-chevron-down"></i></span>
<span class='badge badge-default pointer float-right ct'><i class="fa fa-chevron-up"></i></span>
</div>
<div class="m-t-15"><span class="badge badge-pill badge-default">OpenCartTestRegressionSuite</span>
<span class="badge badge-pill badge-default">ProductInfoTest</span></div>
<div class="m-t-10 m-l-5"></div>
</div>
</div><div class="detail-body mt-4">
<table class="table table-sm">
  <thead><tr><th class="status-col">Status</th><th class="timestamp-col">Timestamp</th><th class="details-col">Details</th></tr></thead>
  <tbody>
      <tr class="event-row">
        <td><span class="badge log skip-bg">Skip</span></td>
        <td>8:59:41 AM</td>
        <td>
          <textarea readonly class="code-block">java.lang.AssertionError: The following asserts failed:
	expected [Product 18] but found [Product 14],
	expected [$2,000.00] but found [$100.00],
	expected [In Stock] but found [Out Of Stock],
	expected [Product 18] but found [Product 14],
	expected [$2,000.00] but found [$100.00],
	expected [In Stock] but found [Out Of Stock],
	expected [Product 18] but found [Product 14],
	expected [$2,000.00] but found [$100.00],
	expected [In Stock] but found [Out Of Stock],
	expected [Product 18] but found [Product 14],
	expected [$2,000.00] but found [$100.00],
	expected [In Stock] but found [Out Of Stock],
	did not expect to find [Apple] but found [null],
	expected [Product 18] but found [SAM1],
	expected [$2,000.00] but found [$199.99],
	expected [In Stock] but found [Pre-Order],
	did not expect to find [Apple] but found [null],
	expected [Product 18] but found [SAM1],
	expected [$2,000.00] but found [$199.99],
	expected [In Stock] but found [Pre-Order],
	did not expect to find [Apple] but found [null],
	expected [Product 18] but found [SAM1],
	expected [$2,000.00] but found [$199.99],
	expected [In Stock] but found [Pre-Order]
	at org.testng.asserts.SoftAssert.assertAll(SoftAssert.java:47)
	at org.testng.asserts.SoftAssert.assertAll(SoftAssert.java:31)
	at com.qa.opencart.tests.ProductInfoTest.MainProductNameMetaDataTest(ProductInfoTest.java:92)
	at java.base/jdk.internal.reflect.NativeMethodAccessorImpl.invoke0(Native Method)
	at java.base/jdk.internal.reflect.NativeMethodAccessorImpl.invoke(NativeMethodAccessorImpl.java:62)
	at java.base/jdk.internal.reflect.DelegatingMethodAccessorImpl.invoke(DelegatingMethodAccessorImpl.java:43)
	at java.base/java.lang.reflect.Method.invoke(Method.java:566)
	at org.testng.internal.MethodInvocationHelper.invokeMethod(MethodInvocationHelper.java:133)
	at org.testng.internal.TestInvoker.invokeMethod(TestInvoker.java:584)
	at org.testng.internal.TestInvoker.retryFailed(TestInvoker.java:204)
	at org.testng.internal.MethodRunner.runInSequence(MethodRunner.java:58)
	at org.testng.internal.TestInvoker$MethodInvocationAgent.invoke(TestInvoker.java:804)
	at org.testng.internal.TestInvoker.invokeTestMethods(TestInvoker.java:145)
	at org.testng.internal.TestMethodWorker.invokeTestMethods(TestMethodWorker.java:146)
	at org.testng.internal.TestMethodWorker.run(TestMethodWorker.java:128)
	at java.base/java.util.ArrayList.forEach(ArrayList.java:1541)
	at org.testng.TestRunner.privateRun(TestRunner.java:770)
	at org.testng.TestRunner.run(TestRunner.java:591)
	at org.testng.SuiteRunner.runTest(SuiteRunner.java:402)
	at org.testng.SuiteRunner.access$000(SuiteRunner.java:41)
	at org.testng.SuiteRunner$SuiteWorker.run(SuiteRunner.java:443)
	at org.testng.internal.thread.ThreadUtil.lambda$execute$0(ThreadUtil.java:67)
	at java.base/java.util.concurrent.FutureTask.run(FutureTask.java:264)
	at java.base/java.util.concurrent.ThreadPoolExecutor.runWorker(ThreadPoolExecutor.java:1128)
	at java.base/java.util.concurrent.ThreadPoolExecutor$Worker.run(ThreadPoolExecutor.java:628)
	at java.base/java.lang.Thread.run(Thread.java:834)
</textarea>
          
    <div class="row mb-3"><div class="col-md-3">
<img data-featherlight='./screenshot/1713941981925.png' src="./screenshot/1713941981925.png">
    
    </div></div>
        </td>
      </tr>
  </tbody>
</table>
</div>
          </div>
        </li>
        <li class="test-item"  status="fail" test-id="9"
          author=""
          tag="OpenCartTestRegressionSuite ProductInfoTest"
          device="">
          <div class="test-detail">
            <p class="name">MainProductNameMetaDataTest</p>
            <p class="text-sm">
              <span>8:59:41 AM</span> / <span>00:00:01:714</span>
              <span class="badge fail-bg log float-right">Fail</span>
            </p>
          </div>
          <div class="test-contents d-none">
<div class="detail-head">
<div class="p-v-10">
<div class="info">
<h5 class="test-status text-fail">MainProductNameMetaDataTest</h5>
<span class='badge badge-success'>04.24.2024 8:59:41 AM</span>
<span class='badge badge-danger'>04.24.2024 8:59:43 AM</span>
<span class='badge badge-default'>00:00:01:714</span>
&middot; <span class='uri-anchor badge badge-default'>#test-id=9</span>
<span class='badge badge-default pointer float-right ml-1 et'><i class="fa fa-chevron-down"></i></span>
<span class='badge badge-default pointer float-right ct'><i class="fa fa-chevron-up"></i></span>
</div>
<div class="m-t-15"><span class="badge badge-pill badge-default">OpenCartTestRegressionSuite</span>
<span class="badge badge-pill badge-default">ProductInfoTest</span></div>
<div class="m-t-10 m-l-5"></div>
</div>
</div><div class="detail-body mt-4">
<table class="table table-sm">
  <thead><tr><th class="status-col">Status</th><th class="timestamp-col">Timestamp</th><th class="details-col">Details</th></tr></thead>
  <tbody>
      <tr class="event-row">
        <td><span class="badge log fail-bg">Fail</span></td>
        <td>8:59:44 AM</td>
        <td>
          <textarea readonly class="code-block">java.lang.AssertionError: The following asserts failed:
	expected [Product 18] but found [Product 14],
	expected [$2,000.00] but found [$100.00],
	expected [In Stock] but found [Out Of Stock],
	expected [Product 18] but found [Product 14],
	expected [$2,000.00] but found [$100.00],
	expected [In Stock] but found [Out Of Stock],
	expected [Product 18] but found [Product 14],
	expected [$2,000.00] but found [$100.00],
	expected [In Stock] but found [Out Of Stock],
	expected [Product 18] but found [Product 14],
	expected [$2,000.00] but found [$100.00],
	expected [In Stock] but found [Out Of Stock],
	did not expect to find [Apple] but found [null],
	expected [Product 18] but found [SAM1],
	expected [$2,000.00] but found [$199.99],
	expected [In Stock] but found [Pre-Order],
	did not expect to find [Apple] but found [null],
	expected [Product 18] but found [SAM1],
	expected [$2,000.00] but found [$199.99],
	expected [In Stock] but found [Pre-Order],
	did not expect to find [Apple] but found [null],
	expected [Product 18] but found [SAM1],
	expected [$2,000.00] but found [$199.99],
	expected [In Stock] but found [Pre-Order],
	did not expect to find [Apple] but found [null],
	expected [Product 18] but found [SAM1],
	expected [$2,000.00] but found [$199.99],
	expected [In Stock] but found [Pre-Order]
	at org.testng.asserts.SoftAssert.assertAll(SoftAssert.java:47)
	at org.testng.asserts.SoftAssert.assertAll(SoftAssert.java:31)
	at com.qa.opencart.tests.ProductInfoTest.MainProductNameMetaDataTest(ProductInfoTest.java:92)
	at java.base/jdk.internal.reflect.NativeMethodAccessorImpl.invoke0(Native Method)
	at java.base/jdk.internal.reflect.NativeMethodAccessorImpl.invoke(NativeMethodAccessorImpl.java:62)
	at java.base/jdk.internal.reflect.DelegatingMethodAccessorImpl.invoke(DelegatingMethodAccessorImpl.java:43)
	at java.base/java.lang.reflect.Method.invoke(Method.java:566)
	at org.testng.internal.MethodInvocationHelper.invokeMethod(MethodInvocationHelper.java:133)
	at org.testng.internal.TestInvoker.invokeMethod(TestInvoker.java:584)
	at org.testng.internal.TestInvoker.retryFailed(TestInvoker.java:204)
	at org.testng.internal.MethodRunner.runInSequence(MethodRunner.java:58)
	at org.testng.internal.TestInvoker$MethodInvocationAgent.invoke(TestInvoker.java:804)
	at org.testng.internal.TestInvoker.invokeTestMethods(TestInvoker.java:145)
	at org.testng.internal.TestMethodWorker.invokeTestMethods(TestMethodWorker.java:146)
	at org.testng.internal.TestMethodWorker.run(TestMethodWorker.java:128)
	at java.base/java.util.ArrayList.forEach(ArrayList.java:1541)
	at org.testng.TestRunner.privateRun(TestRunner.java:770)
	at org.testng.TestRunner.run(TestRunner.java:591)
	at org.testng.SuiteRunner.runTest(SuiteRunner.java:402)
	at org.testng.SuiteRunner.access$000(SuiteRunner.java:41)
	at org.testng.SuiteRunner$SuiteWorker.run(SuiteRunner.java:443)
	at org.testng.internal.thread.ThreadUtil.lambda$execute$0(ThreadUtil.java:67)
	at java.base/java.util.concurrent.FutureTask.run(FutureTask.java:264)
	at java.base/java.util.concurrent.ThreadPoolExecutor.runWorker(ThreadPoolExecutor.java:1128)
	at java.base/java.util.concurrent.ThreadPoolExecutor$Worker.run(ThreadPoolExecutor.java:628)
	at java.base/java.lang.Thread.run(Thread.java:834)
</textarea>
          
    <div class="row mb-3"><div class="col-md-3">
<img data-featherlight='./screenshot/1713941984053.png' src="./screenshot/1713941984053.png">
    
    </div></div>
        </td>
      </tr>
  </tbody>
</table>
</div>
          </div>
        </li>
        <li class="test-item"  status="skip" test-id="10"
          author=""
          tag="OpenCartTestRegressionSuite ProductInfoTest"
          device="">
          <div class="test-detail">
            <p class="name">MainProductNameMetaDataTest</p>
            <p class="text-sm">
              <span>8:59:44 AM</span> / <span>00:00:01:673</span>
              <span class="badge skip-bg log float-right">Skip</span>
            </p>
          </div>
          <div class="test-contents d-none">
<div class="detail-head">
<div class="p-v-10">
<div class="info">
<h5 class="test-status text-skip">MainProductNameMetaDataTest</h5>
<span class='badge badge-success'>04.24.2024 8:59:44 AM</span>
<span class='badge badge-danger'>04.24.2024 8:59:45 AM</span>
<span class='badge badge-default'>00:00:01:673</span>
&middot; <span class='uri-anchor badge badge-default'>#test-id=10</span>
<span class='badge badge-default pointer float-right ml-1 et'><i class="fa fa-chevron-down"></i></span>
<span class='badge badge-default pointer float-right ct'><i class="fa fa-chevron-up"></i></span>
</div>
<div class="m-t-15"><span class="badge badge-pill badge-default">OpenCartTestRegressionSuite</span>
<span class="badge badge-pill badge-default">ProductInfoTest</span></div>
<div class="m-t-10 m-l-5"></div>
</div>
</div><div class="detail-body mt-4">
<table class="table table-sm">
  <thead><tr><th class="status-col">Status</th><th class="timestamp-col">Timestamp</th><th class="details-col">Details</th></tr></thead>
  <tbody>
      <tr class="event-row">
        <td><span class="badge log skip-bg">Skip</span></td>
        <td>8:59:45 AM</td>
        <td>
          <textarea readonly class="code-block">java.lang.AssertionError: The following asserts failed:
	expected [Product 18] but found [Product 14],
	expected [$2,000.00] but found [$100.00],
	expected [In Stock] but found [Out Of Stock],
	expected [Product 18] but found [Product 14],
	expected [$2,000.00] but found [$100.00],
	expected [In Stock] but found [Out Of Stock],
	expected [Product 18] but found [Product 14],
	expected [$2,000.00] but found [$100.00],
	expected [In Stock] but found [Out Of Stock],
	expected [Product 18] but found [Product 14],
	expected [$2,000.00] but found [$100.00],
	expected [In Stock] but found [Out Of Stock],
	did not expect to find [Apple] but found [null],
	expected [Product 18] but found [SAM1],
	expected [$2,000.00] but found [$199.99],
	expected [In Stock] but found [Pre-Order],
	did not expect to find [Apple] but found [null],
	expected [Product 18] but found [SAM1],
	expected [$2,000.00] but found [$199.99],
	expected [In Stock] but found [Pre-Order],
	did not expect to find [Apple] but found [null],
	expected [Product 18] but found [SAM1],
	expected [$2,000.00] but found [$199.99],
	expected [In Stock] but found [Pre-Order],
	did not expect to find [Apple] but found [null],
	expected [Product 18] but found [SAM1],
	expected [$2,000.00] but found [$199.99],
	expected [In Stock] but found [Pre-Order],
	did not expect to find [Apple] but found [null],
	expected [Product 18] but found [Product 6],
	expected [$2,000.00] but found [$200.00],
	expected [In Stock] but found [2-3 Days]
	at org.testng.asserts.SoftAssert.assertAll(SoftAssert.java:47)
	at org.testng.asserts.SoftAssert.assertAll(SoftAssert.java:31)
	at com.qa.opencart.tests.ProductInfoTest.MainProductNameMetaDataTest(ProductInfoTest.java:92)
	at java.base/jdk.internal.reflect.NativeMethodAccessorImpl.invoke0(Native Method)
	at java.base/jdk.internal.reflect.NativeMethodAccessorImpl.invoke(NativeMethodAccessorImpl.java:62)
	at java.base/jdk.internal.reflect.DelegatingMethodAccessorImpl.invoke(DelegatingMethodAccessorImpl.java:43)
	at java.base/java.lang.reflect.Method.invoke(Method.java:566)
	at org.testng.internal.MethodInvocationHelper.invokeMethod(MethodInvocationHelper.java:133)
	at org.testng.internal.TestInvoker.invokeMethod(TestInvoker.java:584)
	at org.testng.internal.TestInvoker.invokeTestMethod(TestInvoker.java:172)
	at org.testng.internal.MethodRunner.runInSequence(MethodRunner.java:46)
	at org.testng.internal.TestInvoker$MethodInvocationAgent.invoke(TestInvoker.java:804)
	at org.testng.internal.TestInvoker.invokeTestMethods(TestInvoker.java:145)
	at org.testng.internal.TestMethodWorker.invokeTestMethods(TestMethodWorker.java:146)
	at org.testng.internal.TestMethodWorker.run(TestMethodWorker.java:128)
	at java.base/java.util.ArrayList.forEach(ArrayList.java:1541)
	at org.testng.TestRunner.privateRun(TestRunner.java:770)
	at org.testng.TestRunner.run(TestRunner.java:591)
	at org.testng.SuiteRunner.runTest(SuiteRunner.java:402)
	at org.testng.SuiteRunner.access$000(SuiteRunner.java:41)
	at org.testng.SuiteRunner$SuiteWorker.run(SuiteRunner.java:443)
	at org.testng.internal.thread.ThreadUtil.lambda$execute$0(ThreadUtil.java:67)
	at java.base/java.util.concurrent.FutureTask.run(FutureTask.java:264)
	at java.base/java.util.concurrent.ThreadPoolExecutor.runWorker(ThreadPoolExecutor.java:1128)
	at java.base/java.util.concurrent.ThreadPoolExecutor$Worker.run(ThreadPoolExecutor.java:628)
	at java.base/java.lang.Thread.run(Thread.java:834)
</textarea>
          
    <div class="row mb-3"><div class="col-md-3">
<img data-featherlight='./screenshot/1713941985932.png' src="./screenshot/1713941985932.png">
    
    </div></div>
        </td>
      </tr>
  </tbody>
</table>
</div>
          </div>
        </li>
        <li class="test-item"  status="skip" test-id="11"
          author=""
          tag="OpenCartTestRegressionSuite ProductInfoTest"
          device="">
          <div class="test-detail">
            <p class="name">MainProductNameMetaDataTest</p>
            <p class="text-sm">
              <span>8:59:45 AM</span> / <span>00:00:01:864</span>
              <span class="badge skip-bg log float-right">Skip</span>
            </p>
          </div>
          <div class="test-contents d-none">
<div class="detail-head">
<div class="p-v-10">
<div class="info">
<h5 class="test-status text-skip">MainProductNameMetaDataTest</h5>
<span class='badge badge-success'>04.24.2024 8:59:45 AM</span>
<span class='badge badge-danger'>04.24.2024 8:59:47 AM</span>
<span class='badge badge-default'>00:00:01:864</span>
&middot; <span class='uri-anchor badge badge-default'>#test-id=11</span>
<span class='badge badge-default pointer float-right ml-1 et'><i class="fa fa-chevron-down"></i></span>
<span class='badge badge-default pointer float-right ct'><i class="fa fa-chevron-up"></i></span>
</div>
<div class="m-t-15"><span class="badge badge-pill badge-default">OpenCartTestRegressionSuite</span>
<span class="badge badge-pill badge-default">ProductInfoTest</span></div>
<div class="m-t-10 m-l-5"></div>
</div>
</div><div class="detail-body mt-4">
<table class="table table-sm">
  <thead><tr><th class="status-col">Status</th><th class="timestamp-col">Timestamp</th><th class="details-col">Details</th></tr></thead>
  <tbody>
      <tr class="event-row">
        <td><span class="badge log skip-bg">Skip</span></td>
        <td>8:59:48 AM</td>
        <td>
          <textarea readonly class="code-block">java.lang.AssertionError: The following asserts failed:
	expected [Product 18] but found [Product 14],
	expected [$2,000.00] but found [$100.00],
	expected [In Stock] but found [Out Of Stock],
	expected [Product 18] but found [Product 14],
	expected [$2,000.00] but found [$100.00],
	expected [In Stock] but found [Out Of Stock],
	expected [Product 18] but found [Product 14],
	expected [$2,000.00] but found [$100.00],
	expected [In Stock] but found [Out Of Stock],
	expected [Product 18] but found [Product 14],
	expected [$2,000.00] but found [$100.00],
	expected [In Stock] but found [Out Of Stock],
	did not expect to find [Apple] but found [null],
	expected [Product 18] but found [SAM1],
	expected [$2,000.00] but found [$199.99],
	expected [In Stock] but found [Pre-Order],
	did not expect to find [Apple] but found [null],
	expected [Product 18] but found [SAM1],
	expected [$2,000.00] but found [$199.99],
	expected [In Stock] but found [Pre-Order],
	did not expect to find [Apple] but found [null],
	expected [Product 18] but found [SAM1],
	expected [$2,000.00] but found [$199.99],
	expected [In Stock] but found [Pre-Order],
	did not expect to find [Apple] but found [null],
	expected [Product 18] but found [SAM1],
	expected [$2,000.00] but found [$199.99],
	expected [In Stock] but found [Pre-Order],
	did not expect to find [Apple] but found [null],
	expected [Product 18] but found [Product 6],
	expected [$2,000.00] but found [$200.00],
	expected [In Stock] but found [2-3 Days],
	did not expect to find [Apple] but found [null],
	expected [Product 18] but found [Product 6],
	expected [$2,000.00] but found [$200.00],
	expected [In Stock] but found [2-3 Days]
	at org.testng.asserts.SoftAssert.assertAll(SoftAssert.java:47)
	at org.testng.asserts.SoftAssert.assertAll(SoftAssert.java:31)
	at com.qa.opencart.tests.ProductInfoTest.MainProductNameMetaDataTest(ProductInfoTest.java:92)
	at java.base/jdk.internal.reflect.NativeMethodAccessorImpl.invoke0(Native Method)
	at java.base/jdk.internal.reflect.NativeMethodAccessorImpl.invoke(NativeMethodAccessorImpl.java:62)
	at java.base/jdk.internal.reflect.DelegatingMethodAccessorImpl.invoke(DelegatingMethodAccessorImpl.java:43)
	at java.base/java.lang.reflect.Method.invoke(Method.java:566)
	at org.testng.internal.MethodInvocationHelper.invokeMethod(MethodInvocationHelper.java:133)
	at org.testng.internal.TestInvoker.invokeMethod(TestInvoker.java:584)
	at org.testng.internal.TestInvoker.retryFailed(TestInvoker.java:204)
	at org.testng.internal.MethodRunner.runInSequence(MethodRunner.java:58)
	at org.testng.internal.TestInvoker$MethodInvocationAgent.invoke(TestInvoker.java:804)
	at org.testng.internal.TestInvoker.invokeTestMethods(TestInvoker.java:145)
	at org.testng.internal.TestMethodWorker.invokeTestMethods(TestMethodWorker.java:146)
	at org.testng.internal.TestMethodWorker.run(TestMethodWorker.java:128)
	at java.base/java.util.ArrayList.forEach(ArrayList.java:1541)
	at org.testng.TestRunner.privateRun(TestRunner.java:770)
	at org.testng.TestRunner.run(TestRunner.java:591)
	at org.testng.SuiteRunner.runTest(SuiteRunner.java:402)
	at org.testng.SuiteRunner.access$000(SuiteRunner.java:41)
	at org.testng.SuiteRunner$SuiteWorker.run(SuiteRunner.java:443)
	at org.testng.internal.thread.ThreadUtil.lambda$execute$0(ThreadUtil.java:67)
	at java.base/java.util.concurrent.FutureTask.run(FutureTask.java:264)
	at java.base/java.util.concurrent.ThreadPoolExecutor.runWorker(ThreadPoolExecutor.java:1128)
	at java.base/java.util.concurrent.ThreadPoolExecutor$Worker.run(ThreadPoolExecutor.java:628)
	at java.base/java.lang.Thread.run(Thread.java:834)
</textarea>
          
    <div class="row mb-3"><div class="col-md-3">
<img data-featherlight='./screenshot/1713941988017.png' src="./screenshot/1713941988017.png">
    
    </div></div>
        </td>
      </tr>
  </tbody>
</table>
</div>
          </div>
        </li>
        <li class="test-item"  status="skip" test-id="12"
          author=""
          tag="OpenCartTestRegressionSuite ProductInfoTest"
          device="">
          <div class="test-detail">
            <p class="name">MainProductNameMetaDataTest</p>
            <p class="text-sm">
              <span>8:59:48 AM</span> / <span>00:00:01:692</span>
              <span class="badge skip-bg log float-right">Skip</span>
            </p>
          </div>
          <div class="test-contents d-none">
<div class="detail-head">
<div class="p-v-10">
<div class="info">
<h5 class="test-status text-skip">MainProductNameMetaDataTest</h5>
<span class='badge badge-success'>04.24.2024 8:59:48 AM</span>
<span class='badge badge-danger'>04.24.2024 8:59:49 AM</span>
<span class='badge badge-default'>00:00:01:692</span>
&middot; <span class='uri-anchor badge badge-default'>#test-id=12</span>
<span class='badge badge-default pointer float-right ml-1 et'><i class="fa fa-chevron-down"></i></span>
<span class='badge badge-default pointer float-right ct'><i class="fa fa-chevron-up"></i></span>
</div>
<div class="m-t-15"><span class="badge badge-pill badge-default">OpenCartTestRegressionSuite</span>
<span class="badge badge-pill badge-default">ProductInfoTest</span></div>
<div class="m-t-10 m-l-5"></div>
</div>
</div><div class="detail-body mt-4">
<table class="table table-sm">
  <thead><tr><th class="status-col">Status</th><th class="timestamp-col">Timestamp</th><th class="details-col">Details</th></tr></thead>
  <tbody>
      <tr class="event-row">
        <td><span class="badge log skip-bg">Skip</span></td>
        <td>8:59:49 AM</td>
        <td>
          <textarea readonly class="code-block">java.lang.AssertionError: The following asserts failed:
	expected [Product 18] but found [Product 14],
	expected [$2,000.00] but found [$100.00],
	expected [In Stock] but found [Out Of Stock],
	expected [Product 18] but found [Product 14],
	expected [$2,000.00] but found [$100.00],
	expected [In Stock] but found [Out Of Stock],
	expected [Product 18] but found [Product 14],
	expected [$2,000.00] but found [$100.00],
	expected [In Stock] but found [Out Of Stock],
	expected [Product 18] but found [Product 14],
	expected [$2,000.00] but found [$100.00],
	expected [In Stock] but found [Out Of Stock],
	did not expect to find [Apple] but found [null],
	expected [Product 18] but found [SAM1],
	expected [$2,000.00] but found [$199.99],
	expected [In Stock] but found [Pre-Order],
	did not expect to find [Apple] but found [null],
	expected [Product 18] but found [SAM1],
	expected [$2,000.00] but found [$199.99],
	expected [In Stock] but found [Pre-Order],
	did not expect to find [Apple] but found [null],
	expected [Product 18] but found [SAM1],
	expected [$2,000.00] but found [$199.99],
	expected [In Stock] but found [Pre-Order],
	did not expect to find [Apple] but found [null],
	expected [Product 18] but found [SAM1],
	expected [$2,000.00] but found [$199.99],
	expected [In Stock] but found [Pre-Order],
	did not expect to find [Apple] but found [null],
	expected [Product 18] but found [Product 6],
	expected [$2,000.00] but found [$200.00],
	expected [In Stock] but found [2-3 Days],
	did not expect to find [Apple] but found [null],
	expected [Product 18] but found [Product 6],
	expected [$2,000.00] but found [$200.00],
	expected [In Stock] but found [2-3 Days],
	did not expect to find [Apple] but found [null],
	expected [Product 18] but found [Product 6],
	expected [$2,000.00] but found [$200.00],
	expected [In Stock] but found [2-3 Days]
	at org.testng.asserts.SoftAssert.assertAll(SoftAssert.java:47)
	at org.testng.asserts.SoftAssert.assertAll(SoftAssert.java:31)
	at com.qa.opencart.tests.ProductInfoTest.MainProductNameMetaDataTest(ProductInfoTest.java:92)
	at java.base/jdk.internal.reflect.NativeMethodAccessorImpl.invoke0(Native Method)
	at java.base/jdk.internal.reflect.NativeMethodAccessorImpl.invoke(NativeMethodAccessorImpl.java:62)
	at java.base/jdk.internal.reflect.DelegatingMethodAccessorImpl.invoke(DelegatingMethodAccessorImpl.java:43)
	at java.base/java.lang.reflect.Method.invoke(Method.java:566)
	at org.testng.internal.MethodInvocationHelper.invokeMethod(MethodInvocationHelper.java:133)
	at org.testng.internal.TestInvoker.invokeMethod(TestInvoker.java:584)
	at org.testng.internal.TestInvoker.retryFailed(TestInvoker.java:204)
	at org.testng.internal.MethodRunner.runInSequence(MethodRunner.java:58)
	at org.testng.internal.TestInvoker$MethodInvocationAgent.invoke(TestInvoker.java:804)
	at org.testng.internal.TestInvoker.invokeTestMethods(TestInvoker.java:145)
	at org.testng.internal.TestMethodWorker.invokeTestMethods(TestMethodWorker.java:146)
	at org.testng.internal.TestMethodWorker.run(TestMethodWorker.java:128)
	at java.base/java.util.ArrayList.forEach(ArrayList.java:1541)
	at org.testng.TestRunner.privateRun(TestRunner.java:770)
	at org.testng.TestRunner.run(TestRunner.java:591)
	at org.testng.SuiteRunner.runTest(SuiteRunner.java:402)
	at org.testng.SuiteRunner.access$000(SuiteRunner.java:41)
	at org.testng.SuiteRunner$SuiteWorker.run(SuiteRunner.java:443)
	at org.testng.internal.thread.ThreadUtil.lambda$execute$0(ThreadUtil.java:67)
	at java.base/java.util.concurrent.FutureTask.run(FutureTask.java:264)
	at java.base/java.util.concurrent.ThreadPoolExecutor.runWorker(ThreadPoolExecutor.java:1128)
	at java.base/java.util.concurrent.ThreadPoolExecutor$Worker.run(ThreadPoolExecutor.java:628)
	at java.base/java.lang.Thread.run(Thread.java:834)
</textarea>
          
    <div class="row mb-3"><div class="col-md-3">
<img data-featherlight='./screenshot/1713941989933.png' src="./screenshot/1713941989933.png">
    
    </div></div>
        </td>
      </tr>
  </tbody>
</table>
</div>
          </div>
        </li>
        <li class="test-item"  status="fail" test-id="13"
          author=""
          tag="OpenCartTestRegressionSuite ProductInfoTest"
          device="">
          <div class="test-detail">
            <p class="name">MainProductNameMetaDataTest</p>
            <p class="text-sm">
              <span>8:59:49 AM</span> / <span>00:00:01:699</span>
              <span class="badge fail-bg log float-right">Fail</span>
            </p>
          </div>
          <div class="test-contents d-none">
<div class="detail-head">
<div class="p-v-10">
<div class="info">
<h5 class="test-status text-fail">MainProductNameMetaDataTest</h5>
<span class='badge badge-success'>04.24.2024 8:59:49 AM</span>
<span class='badge badge-danger'>04.24.2024 8:59:51 AM</span>
<span class='badge badge-default'>00:00:01:699</span>
&middot; <span class='uri-anchor badge badge-default'>#test-id=13</span>
<span class='badge badge-default pointer float-right ml-1 et'><i class="fa fa-chevron-down"></i></span>
<span class='badge badge-default pointer float-right ct'><i class="fa fa-chevron-up"></i></span>
</div>
<div class="m-t-15"><span class="badge badge-pill badge-default">OpenCartTestRegressionSuite</span>
<span class="badge badge-pill badge-default">ProductInfoTest</span></div>
<div class="m-t-10 m-l-5"></div>
</div>
</div><div class="detail-body mt-4">
<table class="table table-sm">
  <thead><tr><th class="status-col">Status</th><th class="timestamp-col">Timestamp</th><th class="details-col">Details</th></tr></thead>
  <tbody>
      <tr class="event-row">
        <td><span class="badge log fail-bg">Fail</span></td>
        <td>8:59:52 AM</td>
        <td>
          <textarea readonly class="code-block">java.lang.AssertionError: The following asserts failed:
	expected [Product 18] but found [Product 14],
	expected [$2,000.00] but found [$100.00],
	expected [In Stock] but found [Out Of Stock],
	expected [Product 18] but found [Product 14],
	expected [$2,000.00] but found [$100.00],
	expected [In Stock] but found [Out Of Stock],
	expected [Product 18] but found [Product 14],
	expected [$2,000.00] but found [$100.00],
	expected [In Stock] but found [Out Of Stock],
	expected [Product 18] but found [Product 14],
	expected [$2,000.00] but found [$100.00],
	expected [In Stock] but found [Out Of Stock],
	did not expect to find [Apple] but found [null],
	expected [Product 18] but found [SAM1],
	expected [$2,000.00] but found [$199.99],
	expected [In Stock] but found [Pre-Order],
	did not expect to find [Apple] but found [null],
	expected [Product 18] but found [SAM1],
	expected [$2,000.00] but found [$199.99],
	expected [In Stock] but found [Pre-Order],
	did not expect to find [Apple] but found [null],
	expected [Product 18] but found [SAM1],
	expected [$2,000.00] but found [$199.99],
	expected [In Stock] but found [Pre-Order],
	did not expect to find [Apple] but found [null],
	expected [Product 18] but found [SAM1],
	expected [$2,000.00] but found [$199.99],
	expected [In Stock] but found [Pre-Order],
	did not expect to find [Apple] but found [null],
	expected [Product 18] but found [Product 6],
	expected [$2,000.00] but found [$200.00],
	expected [In Stock] but found [2-3 Days],
	did not expect to find [Apple] but found [null],
	expected [Product 18] but found [Product 6],
	expected [$2,000.00] but found [$200.00],
	expected [In Stock] but found [2-3 Days],
	did not expect to find [Apple] but found [null],
	expected [Product 18] but found [Product 6],
	expected [$2,000.00] but found [$200.00],
	expected [In Stock] but found [2-3 Days],
	did not expect to find [Apple] but found [null],
	expected [Product 18] but found [Product 6],
	expected [$2,000.00] but found [$200.00],
	expected [In Stock] but found [2-3 Days]
	at org.testng.asserts.SoftAssert.assertAll(SoftAssert.java:47)
	at org.testng.asserts.SoftAssert.assertAll(SoftAssert.java:31)
	at com.qa.opencart.tests.ProductInfoTest.MainProductNameMetaDataTest(ProductInfoTest.java:92)
	at java.base/jdk.internal.reflect.NativeMethodAccessorImpl.invoke0(Native Method)
	at java.base/jdk.internal.reflect.NativeMethodAccessorImpl.invoke(NativeMethodAccessorImpl.java:62)
	at java.base/jdk.internal.reflect.DelegatingMethodAccessorImpl.invoke(DelegatingMethodAccessorImpl.java:43)
	at java.base/java.lang.reflect.Method.invoke(Method.java:566)
	at org.testng.internal.MethodInvocationHelper.invokeMethod(MethodInvocationHelper.java:133)
	at org.testng.internal.TestInvoker.invokeMethod(TestInvoker.java:584)
	at org.testng.internal.TestInvoker.retryFailed(TestInvoker.java:204)
	at org.testng.internal.MethodRunner.runInSequence(MethodRunner.java:58)
	at org.testng.internal.TestInvoker$MethodInvocationAgent.invoke(TestInvoker.java:804)
	at org.testng.internal.TestInvoker.invokeTestMethods(TestInvoker.java:145)
	at org.testng.internal.TestMethodWorker.invokeTestMethods(TestMethodWorker.java:146)
	at org.testng.internal.TestMethodWorker.run(TestMethodWorker.java:128)
	at java.base/java.util.ArrayList.forEach(ArrayList.java:1541)
	at org.testng.TestRunner.privateRun(TestRunner.java:770)
	at org.testng.TestRunner.run(TestRunner.java:591)
	at org.testng.SuiteRunner.runTest(SuiteRunner.java:402)
	at org.testng.SuiteRunner.access$000(SuiteRunner.java:41)
	at org.testng.SuiteRunner$SuiteWorker.run(SuiteRunner.java:443)
	at org.testng.internal.thread.ThreadUtil.lambda$execute$0(ThreadUtil.java:67)
	at java.base/java.util.concurrent.FutureTask.run(FutureTask.java:264)
	at java.base/java.util.concurrent.ThreadPoolExecutor.runWorker(ThreadPoolExecutor.java:1128)
	at java.base/java.util.concurrent.ThreadPoolExecutor$Worker.run(ThreadPoolExecutor.java:628)
	at java.base/java.lang.Thread.run(Thread.java:834)
</textarea>
          
    <div class="row mb-3"><div class="col-md-3">
<img data-featherlight='./screenshot/1713941992049.png' src="./screenshot/1713941992049.png">
    
    </div></div>
        </td>
      </tr>
  </tbody>
</table>
</div>
          </div>
        </li>
        <li class="test-item"  status="pass" test-id="14"
          author=""
          tag="OpenCartTestRegressionSuite ProductInfoTest"
          device="">
          <div class="test-detail">
            <p class="name">ProductDescriptionTest</p>
            <p class="text-sm">
              <span>8:59:52 AM</span> / <span>00:00:01:662</span>
              <span class="badge pass-bg log float-right">Pass</span>
            </p>
          </div>
          <div class="test-contents d-none">
<div class="detail-head">
<div class="p-v-10">
<div class="info">
<h5 class="test-status text-pass">ProductDescriptionTest</h5>
<span class='badge badge-success'>04.24.2024 8:59:52 AM</span>
<span class='badge badge-danger'>04.24.2024 8:59:53 AM</span>
<span class='badge badge-default'>00:00:01:662</span>
&middot; <span class='uri-anchor badge badge-default'>#test-id=14</span>
<span class='badge badge-default pointer float-right ml-1 et'><i class="fa fa-chevron-down"></i></span>
<span class='badge badge-default pointer float-right ct'><i class="fa fa-chevron-up"></i></span>
</div>
<div class="m-t-15"><span class="badge badge-pill badge-default">OpenCartTestRegressionSuite</span>
<span class="badge badge-pill badge-default">ProductInfoTest</span></div>
<div class="m-t-10 m-l-5"></div>
</div>
</div><div class="detail-body mt-4">
<table class="table table-sm">
  <thead><tr><th class="status-col">Status</th><th class="timestamp-col">Timestamp</th><th class="details-col">Details</th></tr></thead>
  <tbody>
      <tr class="event-row">
        <td><span class="badge log pass-bg">Pass</span></td>
        <td>8:59:53 AM</td>
        <td>
          Test passed
        </td>
      </tr>
  </tbody>
</table>
</div>
          </div>
        </li>
        <li class="test-item"  status="pass" test-id="15"
          author=""
          tag="OpenCartTestRegressionSuite ProductInfoTest"
          device="">
          <div class="test-detail">
            <p class="name">ProductDescriptionTest</p>
            <p class="text-sm">
              <span>8:59:53 AM</span> / <span>00:00:01:702</span>
              <span class="badge pass-bg log float-right">Pass</span>
            </p>
          </div>
          <div class="test-contents d-none">
<div class="detail-head">
<div class="p-v-10">
<div class="info">
<h5 class="test-status text-pass">ProductDescriptionTest</h5>
<span class='badge badge-success'>04.24.2024 8:59:53 AM</span>
<span class='badge badge-danger'>04.24.2024 8:59:55 AM</span>
<span class='badge badge-default'>00:00:01:702</span>
&middot; <span class='uri-anchor badge badge-default'>#test-id=15</span>
<span class='badge badge-default pointer float-right ml-1 et'><i class="fa fa-chevron-down"></i></span>
<span class='badge badge-default pointer float-right ct'><i class="fa fa-chevron-up"></i></span>
</div>
<div class="m-t-15"><span class="badge badge-pill badge-default">OpenCartTestRegressionSuite</span>
<span class="badge badge-pill badge-default">ProductInfoTest</span></div>
<div class="m-t-10 m-l-5"></div>
</div>
</div><div class="detail-body mt-4">
<table class="table table-sm">
  <thead><tr><th class="status-col">Status</th><th class="timestamp-col">Timestamp</th><th class="details-col">Details</th></tr></thead>
  <tbody>
      <tr class="event-row">
        <td><span class="badge log pass-bg">Pass</span></td>
        <td>8:59:55 AM</td>
        <td>
          Test passed
        </td>
      </tr>
  </tbody>
</table>
</div>
          </div>
        </li>
        <li class="test-item"  status="pass" test-id="16"
          author=""
          tag="OpenCartTestRegressionSuite ProductInfoTest"
          device="">
          <div class="test-detail">
            <p class="name">ProductDescriptionTest</p>
            <p class="text-sm">
              <span>8:59:55 AM</span> / <span>00:00:01:605</span>
              <span class="badge pass-bg log float-right">Pass</span>
            </p>
          </div>
          <div class="test-contents d-none">
<div class="detail-head">
<div class="p-v-10">
<div class="info">
<h5 class="test-status text-pass">ProductDescriptionTest</h5>
<span class='badge badge-success'>04.24.2024 8:59:55 AM</span>
<span class='badge badge-danger'>04.24.2024 8:59:57 AM</span>
<span class='badge badge-default'>00:00:01:605</span>
&middot; <span class='uri-anchor badge badge-default'>#test-id=16</span>
<span class='badge badge-default pointer float-right ml-1 et'><i class="fa fa-chevron-down"></i></span>
<span class='badge badge-default pointer float-right ct'><i class="fa fa-chevron-up"></i></span>
</div>
<div class="m-t-15"><span class="badge badge-pill badge-default">OpenCartTestRegressionSuite</span>
<span class="badge badge-pill badge-default">ProductInfoTest</span></div>
<div class="m-t-10 m-l-5"></div>
</div>
</div><div class="detail-body mt-4">
<table class="table table-sm">
  <thead><tr><th class="status-col">Status</th><th class="timestamp-col">Timestamp</th><th class="details-col">Details</th></tr></thead>
  <tbody>
      <tr class="event-row">
        <td><span class="badge log pass-bg">Pass</span></td>
        <td>8:59:57 AM</td>
        <td>
          Test passed
        </td>
      </tr>
  </tbody>
</table>
</div>
          </div>
        </li>
        <li class="test-item"  status="pass" test-id="17"
          author=""
          tag="OpenCartTestRegressionSuite ProductInfoTest"
          device="">
          <div class="test-detail">
            <p class="name">ProductDescriptionTest</p>
            <p class="text-sm">
              <span>8:59:57 AM</span> / <span>00:00:01:920</span>
              <span class="badge pass-bg log float-right">Pass</span>
            </p>
          </div>
          <div class="test-contents d-none">
<div class="detail-head">
<div class="p-v-10">
<div class="info">
<h5 class="test-status text-pass">ProductDescriptionTest</h5>
<span class='badge badge-success'>04.24.2024 8:59:57 AM</span>
<span class='badge badge-danger'>04.24.2024 8:59:58 AM</span>
<span class='badge badge-default'>00:00:01:920</span>
&middot; <span class='uri-anchor badge badge-default'>#test-id=17</span>
<span class='badge badge-default pointer float-right ml-1 et'><i class="fa fa-chevron-down"></i></span>
<span class='badge badge-default pointer float-right ct'><i class="fa fa-chevron-up"></i></span>
</div>
<div class="m-t-15"><span class="badge badge-pill badge-default">OpenCartTestRegressionSuite</span>
<span class="badge badge-pill badge-default">ProductInfoTest</span></div>
<div class="m-t-10 m-l-5"></div>
</div>
</div><div class="detail-body mt-4">
<table class="table table-sm">
  <thead><tr><th class="status-col">Status</th><th class="timestamp-col">Timestamp</th><th class="details-col">Details</th></tr></thead>
  <tbody>
      <tr class="event-row">
        <td><span class="badge log pass-bg">Pass</span></td>
        <td>8:59:58 AM</td>
        <td>
          Test passed
        </td>
      </tr>
  </tbody>
</table>
</div>
          </div>
        </li>
        <li class="test-item"  status="pass" test-id="18"
          author=""
          tag="OpenCartTestRegressionSuite ProductInfoTest"
          device="">
          <div class="test-detail">
            <p class="name">addProductTest</p>
            <p class="text-sm">
              <span>8:59:58 AM</span> / <span>00:00:02:476</span>
              <span class="badge pass-bg log float-right">Pass</span>
            </p>
          </div>
          <div class="test-contents d-none">
<div class="detail-head">
<div class="p-v-10">
<div class="info">
<h5 class="test-status text-pass">addProductTest</h5>
<span class='badge badge-success'>04.24.2024 8:59:58 AM</span>
<span class='badge badge-danger'>04.24.2024 9:00:01 AM</span>
<span class='badge badge-default'>00:00:02:476</span>
&middot; <span class='uri-anchor badge badge-default'>#test-id=18</span>
<span class='badge badge-default pointer float-right ml-1 et'><i class="fa fa-chevron-down"></i></span>
<span class='badge badge-default pointer float-right ct'><i class="fa fa-chevron-up"></i></span>
</div>
<div class="m-t-15"><span class="badge badge-pill badge-default">OpenCartTestRegressionSuite</span>
<span class="badge badge-pill badge-default">ProductInfoTest</span></div>
<div class="m-t-10 m-l-5"></div>
</div>
</div><div class="detail-body mt-4">
<table class="table table-sm">
  <thead><tr><th class="status-col">Status</th><th class="timestamp-col">Timestamp</th><th class="details-col">Details</th></tr></thead>
  <tbody>
      <tr class="event-row">
        <td><span class="badge log pass-bg">Pass</span></td>
        <td>9:00:01 AM</td>
        <td>
          Test passed
        </td>
      </tr>
  </tbody>
</table>
</div>
          </div>
        </li>
        <li class="test-item"  status="pass" test-id="19"
          author=""
          tag="OpenCartTestRegressionSuite ProductInfoTest"
          device="">
          <div class="test-detail">
            <p class="name">addProductTest</p>
            <p class="text-sm">
              <span>9:00:01 AM</span> / <span>00:00:02:488</span>
              <span class="badge pass-bg log float-right">Pass</span>
            </p>
          </div>
          <div class="test-contents d-none">
<div class="detail-head">
<div class="p-v-10">
<div class="info">
<h5 class="test-status text-pass">addProductTest</h5>
<span class='badge badge-success'>04.24.2024 9:00:01 AM</span>
<span class='badge badge-danger'>04.24.2024 9:00:03 AM</span>
<span class='badge badge-default'>00:00:02:488</span>
&middot; <span class='uri-anchor badge badge-default'>#test-id=19</span>
<span class='badge badge-default pointer float-right ml-1 et'><i class="fa fa-chevron-down"></i></span>
<span class='badge badge-default pointer float-right ct'><i class="fa fa-chevron-up"></i></span>
</div>
<div class="m-t-15"><span class="badge badge-pill badge-default">OpenCartTestRegressionSuite</span>
<span class="badge badge-pill badge-default">ProductInfoTest</span></div>
<div class="m-t-10 m-l-5"></div>
</div>
</div><div class="detail-body mt-4">
<table class="table table-sm">
  <thead><tr><th class="status-col">Status</th><th class="timestamp-col">Timestamp</th><th class="details-col">Details</th></tr></thead>
  <tbody>
      <tr class="event-row">
        <td><span class="badge log pass-bg">Pass</span></td>
        <td>9:00:03 AM</td>
        <td>
          Test passed
        </td>
      </tr>
  </tbody>
</table>
</div>
          </div>
        </li>
        <li class="test-item"  status="pass" test-id="20"
          author=""
          tag="OpenCartTestRegressionSuite ProductInfoTest"
          device="">
          <div class="test-detail">
            <p class="name">addProductTest</p>
            <p class="text-sm">
              <span>9:00:03 AM</span> / <span>00:00:02:638</span>
              <span class="badge pass-bg log float-right">Pass</span>
            </p>
          </div>
          <div class="test-contents d-none">
<div class="detail-head">
<div class="p-v-10">
<div class="info">
<h5 class="test-status text-pass">addProductTest</h5>
<span class='badge badge-success'>04.24.2024 9:00:03 AM</span>
<span class='badge badge-danger'>04.24.2024 9:00:06 AM</span>
<span class='badge badge-default'>00:00:02:638</span>
&middot; <span class='uri-anchor badge badge-default'>#test-id=20</span>
<span class='badge badge-default pointer float-right ml-1 et'><i class="fa fa-chevron-down"></i></span>
<span class='badge badge-default pointer float-right ct'><i class="fa fa-chevron-up"></i></span>
</div>
<div class="m-t-15"><span class="badge badge-pill badge-default">OpenCartTestRegressionSuite</span>
<span class="badge badge-pill badge-default">ProductInfoTest</span></div>
<div class="m-t-10 m-l-5"></div>
</div>
</div><div class="detail-body mt-4">
<table class="table table-sm">
  <thead><tr><th class="status-col">Status</th><th class="timestamp-col">Timestamp</th><th class="details-col">Details</th></tr></thead>
  <tbody>
      <tr class="event-row">
        <td><span class="badge log pass-bg">Pass</span></td>
        <td>9:00:06 AM</td>
        <td>
          Test passed
        </td>
      </tr>
  </tbody>
</table>
</div>
          </div>
        </li>
        <li class="test-item"  status="pass" test-id="21"
          author=""
          tag="OpenCartTestRegressionSuite ProductInfoTest"
          device="">
          <div class="test-detail">
            <p class="name">addProductTest</p>
            <p class="text-sm">
              <span>9:00:06 AM</span> / <span>00:00:02:565</span>
              <span class="badge pass-bg log float-right">Pass</span>
            </p>
          </div>
          <div class="test-contents d-none">
<div class="detail-head">
<div class="p-v-10">
<div class="info">
<h5 class="test-status text-pass">addProductTest</h5>
<span class='badge badge-success'>04.24.2024 9:00:06 AM</span>
<span class='badge badge-danger'>04.24.2024 9:00:09 AM</span>
<span class='badge badge-default'>00:00:02:565</span>
&middot; <span class='uri-anchor badge badge-default'>#test-id=21</span>
<span class='badge badge-default pointer float-right ml-1 et'><i class="fa fa-chevron-down"></i></span>
<span class='badge badge-default pointer float-right ct'><i class="fa fa-chevron-up"></i></span>
</div>
<div class="m-t-15"><span class="badge badge-pill badge-default">OpenCartTestRegressionSuite</span>
<span class="badge badge-pill badge-default">ProductInfoTest</span></div>
<div class="m-t-10 m-l-5"></div>
</div>
</div><div class="detail-body mt-4">
<table class="table table-sm">
  <thead><tr><th class="status-col">Status</th><th class="timestamp-col">Timestamp</th><th class="details-col">Details</th></tr></thead>
  <tbody>
      <tr class="event-row">
        <td><span class="badge log pass-bg">Pass</span></td>
        <td>9:00:09 AM</td>
        <td>
          Test passed
        </td>
      </tr>
  </tbody>
</table>
</div>
          </div>
        </li>
        <li class="test-item"  status="pass" test-id="22"
          author=""
          tag="OpenCartTestRegressionSuite ProductInfoTest"
          device="">
          <div class="test-detail">
            <p class="name">clickOnShoppingCartTest</p>
            <p class="text-sm">
              <span>9:00:09 AM</span> / <span>00:00:02:463</span>
              <span class="badge pass-bg log float-right">Pass</span>
            </p>
          </div>
          <div class="test-contents d-none">
<div class="detail-head">
<div class="p-v-10">
<div class="info">
<h5 class="test-status text-pass">clickOnShoppingCartTest</h5>
<span class='badge badge-success'>04.24.2024 9:00:09 AM</span>
<span class='badge badge-danger'>04.24.2024 9:00:11 AM</span>
<span class='badge badge-default'>00:00:02:463</span>
&middot; <span class='uri-anchor badge badge-default'>#test-id=22</span>
<span class='badge badge-default pointer float-right ml-1 et'><i class="fa fa-chevron-down"></i></span>
<span class='badge badge-default pointer float-right ct'><i class="fa fa-chevron-up"></i></span>
</div>
<div class="m-t-15"><span class="badge badge-pill badge-default">OpenCartTestRegressionSuite</span>
<span class="badge badge-pill badge-default">ProductInfoTest</span></div>
<div class="m-t-10 m-l-5"></div>
</div>
</div><div class="detail-body mt-4">
<table class="table table-sm">
  <thead><tr><th class="status-col">Status</th><th class="timestamp-col">Timestamp</th><th class="details-col">Details</th></tr></thead>
  <tbody>
      <tr class="event-row">
        <td><span class="badge log pass-bg">Pass</span></td>
        <td>9:00:11 AM</td>
        <td>
          Test passed
        </td>
      </tr>
  </tbody>
</table>
</div>
          </div>
        </li>
        <li class="test-item"  status="pass" test-id="23"
          author=""
          tag="OpenCartTestRegressionSuite ProductInfoTest"
          device="">
          <div class="test-detail">
            <p class="name">clickOnShoppingCartTest</p>
            <p class="text-sm">
              <span>9:00:11 AM</span> / <span>00:00:02:555</span>
              <span class="badge pass-bg log float-right">Pass</span>
            </p>
          </div>
          <div class="test-contents d-none">
<div class="detail-head">
<div class="p-v-10">
<div class="info">
<h5 class="test-status text-pass">clickOnShoppingCartTest</h5>
<span class='badge badge-success'>04.24.2024 9:00:11 AM</span>
<span class='badge badge-danger'>04.24.2024 9:00:14 AM</span>
<span class='badge badge-default'>00:00:02:555</span>
&middot; <span class='uri-anchor badge badge-default'>#test-id=23</span>
<span class='badge badge-default pointer float-right ml-1 et'><i class="fa fa-chevron-down"></i></span>
<span class='badge badge-default pointer float-right ct'><i class="fa fa-chevron-up"></i></span>
</div>
<div class="m-t-15"><span class="badge badge-pill badge-default">OpenCartTestRegressionSuite</span>
<span class="badge badge-pill badge-default">ProductInfoTest</span></div>
<div class="m-t-10 m-l-5"></div>
</div>
</div><div class="detail-body mt-4">
<table class="table table-sm">
  <thead><tr><th class="status-col">Status</th><th class="timestamp-col">Timestamp</th><th class="details-col">Details</th></tr></thead>
  <tbody>
      <tr class="event-row">
        <td><span class="badge log pass-bg">Pass</span></td>
        <td>9:00:14 AM</td>
        <td>
          Test passed
        </td>
      </tr>
  </tbody>
</table>
</div>
          </div>
        </li>
        <li class="test-item"  status="pass" test-id="24"
          author=""
          tag="OpenCartTestRegressionSuite ProductInfoTest"
          device="">
          <div class="test-detail">
            <p class="name">clickOnShoppingCartTest</p>
            <p class="text-sm">
              <span>9:00:14 AM</span> / <span>00:00:03:010</span>
              <span class="badge pass-bg log float-right">Pass</span>
            </p>
          </div>
          <div class="test-contents d-none">
<div class="detail-head">
<div class="p-v-10">
<div class="info">
<h5 class="test-status text-pass">clickOnShoppingCartTest</h5>
<span class='badge badge-success'>04.24.2024 9:00:14 AM</span>
<span class='badge badge-danger'>04.24.2024 9:00:17 AM</span>
<span class='badge badge-default'>00:00:03:010</span>
&middot; <span class='uri-anchor badge badge-default'>#test-id=24</span>
<span class='badge badge-default pointer float-right ml-1 et'><i class="fa fa-chevron-down"></i></span>
<span class='badge badge-default pointer float-right ct'><i class="fa fa-chevron-up"></i></span>
</div>
<div class="m-t-15"><span class="badge badge-pill badge-default">OpenCartTestRegressionSuite</span>
<span class="badge badge-pill badge-default">ProductInfoTest</span></div>
<div class="m-t-10 m-l-5"></div>
</div>
</div><div class="detail-body mt-4">
<table class="table table-sm">
  <thead><tr><th class="status-col">Status</th><th class="timestamp-col">Timestamp</th><th class="details-col">Details</th></tr></thead>
  <tbody>
      <tr class="event-row">
        <td><span class="badge log pass-bg">Pass</span></td>
        <td>9:00:17 AM</td>
        <td>
          Test passed
        </td>
      </tr>
  </tbody>
</table>
</div>
          </div>
        </li>
        <li class="test-item"  status="pass" test-id="25"
          author=""
          tag="OpenCartTestRegressionSuite ProductInfoTest"
          device="">
          <div class="test-detail">
            <p class="name">clickOnShoppingCartTest</p>
            <p class="text-sm">
              <span>9:00:17 AM</span> / <span>00:00:02:520</span>
              <span class="badge pass-bg log float-right">Pass</span>
            </p>
          </div>
          <div class="test-contents d-none">
<div class="detail-head">
<div class="p-v-10">
<div class="info">
<h5 class="test-status text-pass">clickOnShoppingCartTest</h5>
<span class='badge badge-success'>04.24.2024 9:00:17 AM</span>
<span class='badge badge-danger'>04.24.2024 9:00:19 AM</span>
<span class='badge badge-default'>00:00:02:520</span>
&middot; <span class='uri-anchor badge badge-default'>#test-id=25</span>
<span class='badge badge-default pointer float-right ml-1 et'><i class="fa fa-chevron-down"></i></span>
<span class='badge badge-default pointer float-right ct'><i class="fa fa-chevron-up"></i></span>
</div>
<div class="m-t-15"><span class="badge badge-pill badge-default">OpenCartTestRegressionSuite</span>
<span class="badge badge-pill badge-default">ProductInfoTest</span></div>
<div class="m-t-10 m-l-5"></div>
</div>
</div><div class="detail-body mt-4">
<table class="table table-sm">
  <thead><tr><th class="status-col">Status</th><th class="timestamp-col">Timestamp</th><th class="details-col">Details</th></tr></thead>
  <tbody>
      <tr class="event-row">
        <td><span class="badge log pass-bg">Pass</span></td>
        <td>9:00:19 AM</td>
        <td>
          Test passed
        </td>
      </tr>
  </tbody>
</table>
</div>
          </div>
        </li>
        <li class="test-item"  status="pass" test-id="26"
          author=""
          tag="OpenCartTestRegressionSuite ProductInfoTest"
          device="">
          <div class="test-detail">
            <p class="name">mainProductNameTest</p>
            <p class="text-sm">
              <span>9:00:19 AM</span> / <span>00:00:01:788</span>
              <span class="badge pass-bg log float-right">Pass</span>
            </p>
          </div>
          <div class="test-contents d-none">
<div class="detail-head">
<div class="p-v-10">
<div class="info">
<h5 class="test-status text-pass">mainProductNameTest</h5>
<span class='badge badge-success'>04.24.2024 9:00:19 AM</span>
<span class='badge badge-danger'>04.24.2024 9:00:21 AM</span>
<span class='badge badge-default'>00:00:01:788</span>
&middot; <span class='uri-anchor badge badge-default'>#test-id=26</span>
<span class='badge badge-default pointer float-right ml-1 et'><i class="fa fa-chevron-down"></i></span>
<span class='badge badge-default pointer float-right ct'><i class="fa fa-chevron-up"></i></span>
</div>
<div class="m-t-15"><span class="badge badge-pill badge-default">OpenCartTestRegressionSuite</span>
<span class="badge badge-pill badge-default">ProductInfoTest</span></div>
<div class="m-t-10 m-l-5"></div>
</div>
</div><div class="detail-body mt-4">
<table class="table table-sm">
  <thead><tr><th class="status-col">Status</th><th class="timestamp-col">Timestamp</th><th class="details-col">Details</th></tr></thead>
  <tbody>
      <tr class="event-row">
        <td><span class="badge log pass-bg">Pass</span></td>
        <td>9:00:21 AM</td>
        <td>
          Test passed
        </td>
      </tr>
  </tbody>
</table>
</div>
          </div>
        </li>
        <li class="test-item"  status="pass" test-id="27"
          author=""
          tag="OpenCartTestRegressionSuite ProductInfoTest"
          device="">
          <div class="test-detail">
            <p class="name">mainProductNameTest</p>
            <p class="text-sm">
              <span>9:00:21 AM</span> / <span>00:00:01:675</span>
              <span class="badge pass-bg log float-right">Pass</span>
            </p>
          </div>
          <div class="test-contents d-none">
<div class="detail-head">
<div class="p-v-10">
<div class="info">
<h5 class="test-status text-pass">mainProductNameTest</h5>
<span class='badge badge-success'>04.24.2024 9:00:21 AM</span>
<span class='badge badge-danger'>04.24.2024 9:00:23 AM</span>
<span class='badge badge-default'>00:00:01:675</span>
&middot; <span class='uri-anchor badge badge-default'>#test-id=27</span>
<span class='badge badge-default pointer float-right ml-1 et'><i class="fa fa-chevron-down"></i></span>
<span class='badge badge-default pointer float-right ct'><i class="fa fa-chevron-up"></i></span>
</div>
<div class="m-t-15"><span class="badge badge-pill badge-default">OpenCartTestRegressionSuite</span>
<span class="badge badge-pill badge-default">ProductInfoTest</span></div>
<div class="m-t-10 m-l-5"></div>
</div>
</div><div class="detail-body mt-4">
<table class="table table-sm">
  <thead><tr><th class="status-col">Status</th><th class="timestamp-col">Timestamp</th><th class="details-col">Details</th></tr></thead>
  <tbody>
      <tr class="event-row">
        <td><span class="badge log pass-bg">Pass</span></td>
        <td>9:00:23 AM</td>
        <td>
          Test passed
        </td>
      </tr>
  </tbody>
</table>
</div>
          </div>
        </li>
        <li class="test-item"  status="pass" test-id="28"
          author=""
          tag="OpenCartTestRegressionSuite ProductInfoTest"
          device="">
          <div class="test-detail">
            <p class="name">mainProductNameTest</p>
            <p class="text-sm">
              <span>9:00:23 AM</span> / <span>00:00:01:681</span>
              <span class="badge pass-bg log float-right">Pass</span>
            </p>
          </div>
          <div class="test-contents d-none">
<div class="detail-head">
<div class="p-v-10">
<div class="info">
<h5 class="test-status text-pass">mainProductNameTest</h5>
<span class='badge badge-success'>04.24.2024 9:00:23 AM</span>
<span class='badge badge-danger'>04.24.2024 9:00:24 AM</span>
<span class='badge badge-default'>00:00:01:681</span>
&middot; <span class='uri-anchor badge badge-default'>#test-id=28</span>
<span class='badge badge-default pointer float-right ml-1 et'><i class="fa fa-chevron-down"></i></span>
<span class='badge badge-default pointer float-right ct'><i class="fa fa-chevron-up"></i></span>
</div>
<div class="m-t-15"><span class="badge badge-pill badge-default">OpenCartTestRegressionSuite</span>
<span class="badge badge-pill badge-default">ProductInfoTest</span></div>
<div class="m-t-10 m-l-5"></div>
</div>
</div><div class="detail-body mt-4">
<table class="table table-sm">
  <thead><tr><th class="status-col">Status</th><th class="timestamp-col">Timestamp</th><th class="details-col">Details</th></tr></thead>
  <tbody>
      <tr class="event-row">
        <td><span class="badge log pass-bg">Pass</span></td>
        <td>9:00:24 AM</td>
        <td>
          Test passed
        </td>
      </tr>
  </tbody>
</table>
</div>
          </div>
        </li>
        <li class="test-item"  status="pass" test-id="29"
          author=""
          tag="OpenCartTestRegressionSuite ProductInfoTest"
          device="">
          <div class="test-detail">
            <p class="name">mainProductNameTest</p>
            <p class="text-sm">
              <span>9:00:24 AM</span> / <span>00:00:02:151</span>
              <span class="badge pass-bg log float-right">Pass</span>
            </p>
          </div>
          <div class="test-contents d-none">
<div class="detail-head">
<div class="p-v-10">
<div class="info">
<h5 class="test-status text-pass">mainProductNameTest</h5>
<span class='badge badge-success'>04.24.2024 9:00:24 AM</span>
<span class='badge badge-danger'>04.24.2024 9:00:27 AM</span>
<span class='badge badge-default'>00:00:02:151</span>
&middot; <span class='uri-anchor badge badge-default'>#test-id=29</span>
<span class='badge badge-default pointer float-right ml-1 et'><i class="fa fa-chevron-down"></i></span>
<span class='badge badge-default pointer float-right ct'><i class="fa fa-chevron-up"></i></span>
</div>
<div class="m-t-15"><span class="badge badge-pill badge-default">OpenCartTestRegressionSuite</span>
<span class="badge badge-pill badge-default">ProductInfoTest</span></div>
<div class="m-t-10 m-l-5"></div>
</div>
</div><div class="detail-body mt-4">
<table class="table table-sm">
  <thead><tr><th class="status-col">Status</th><th class="timestamp-col">Timestamp</th><th class="details-col">Details</th></tr></thead>
  <tbody>
      <tr class="event-row">
        <td><span class="badge log pass-bg">Pass</span></td>
        <td>9:00:27 AM</td>
        <td>
          Test passed
        </td>
      </tr>
  </tbody>
</table>
</div>
          </div>
        </li>
        <li class="test-item"  status="pass" test-id="30"
          author=""
          tag="OpenCartTestRegressionSuite ProductInfoTest"
          device="">
          <div class="test-detail">
            <p class="name">ProductImagesCountTest</p>
            <p class="text-sm">
              <span>9:00:27 AM</span> / <span>00:00:01:731</span>
              <span class="badge pass-bg log float-right">Pass</span>
            </p>
          </div>
          <div class="test-contents d-none">
<div class="detail-head">
<div class="p-v-10">
<div class="info">
<h5 class="test-status text-pass">ProductImagesCountTest</h5>
<span class='badge badge-success'>04.24.2024 9:00:27 AM</span>
<span class='badge badge-danger'>04.24.2024 9:00:28 AM</span>
<span class='badge badge-default'>00:00:01:731</span>
&middot; <span class='uri-anchor badge badge-default'>#test-id=30</span>
<span class='badge badge-default pointer float-right ml-1 et'><i class="fa fa-chevron-down"></i></span>
<span class='badge badge-default pointer float-right ct'><i class="fa fa-chevron-up"></i></span>
</div>
<div class="m-t-15"><span class="badge badge-pill badge-default">OpenCartTestRegressionSuite</span>
<span class="badge badge-pill badge-default">ProductInfoTest</span></div>
<div class="m-t-10 m-l-5"></div>
</div>
</div><div class="detail-body mt-4">
<table class="table table-sm">
  <thead><tr><th class="status-col">Status</th><th class="timestamp-col">Timestamp</th><th class="details-col">Details</th></tr></thead>
  <tbody>
      <tr class="event-row">
        <td><span class="badge log pass-bg">Pass</span></td>
        <td>9:00:28 AM</td>
        <td>
          Test passed
        </td>
      </tr>
  </tbody>
</table>
</div>
          </div>
        </li>
        <li class="test-item"  status="pass" test-id="31"
          author=""
          tag="OpenCartTestRegressionSuite ProductInfoTest"
          device="">
          <div class="test-detail">
            <p class="name">ProductImagesCountTest</p>
            <p class="text-sm">
              <span>9:00:28 AM</span> / <span>00:00:01:686</span>
              <span class="badge pass-bg log float-right">Pass</span>
            </p>
          </div>
          <div class="test-contents d-none">
<div class="detail-head">
<div class="p-v-10">
<div class="info">
<h5 class="test-status text-pass">ProductImagesCountTest</h5>
<span class='badge badge-success'>04.24.2024 9:00:28 AM</span>
<span class='badge badge-danger'>04.24.2024 9:00:30 AM</span>
<span class='badge badge-default'>00:00:01:686</span>
&middot; <span class='uri-anchor badge badge-default'>#test-id=31</span>
<span class='badge badge-default pointer float-right ml-1 et'><i class="fa fa-chevron-down"></i></span>
<span class='badge badge-default pointer float-right ct'><i class="fa fa-chevron-up"></i></span>
</div>
<div class="m-t-15"><span class="badge badge-pill badge-default">OpenCartTestRegressionSuite</span>
<span class="badge badge-pill badge-default">ProductInfoTest</span></div>
<div class="m-t-10 m-l-5"></div>
</div>
</div><div class="detail-body mt-4">
<table class="table table-sm">
  <thead><tr><th class="status-col">Status</th><th class="timestamp-col">Timestamp</th><th class="details-col">Details</th></tr></thead>
  <tbody>
      <tr class="event-row">
        <td><span class="badge log pass-bg">Pass</span></td>
        <td>9:00:30 AM</td>
        <td>
          Test passed
        </td>
      </tr>
  </tbody>
</table>
</div>
          </div>
        </li>
        <li class="test-item"  status="pass" test-id="32"
          author=""
          tag="OpenCartTestRegressionSuite ProductInfoTest"
          device="">
          <div class="test-detail">
            <p class="name">ProductImagesCountTest</p>
            <p class="text-sm">
              <span>9:00:30 AM</span> / <span>00:00:01:734</span>
              <span class="badge pass-bg log float-right">Pass</span>
            </p>
          </div>
          <div class="test-contents d-none">
<div class="detail-head">
<div class="p-v-10">
<div class="info">
<h5 class="test-status text-pass">ProductImagesCountTest</h5>
<span class='badge badge-success'>04.24.2024 9:00:30 AM</span>
<span class='badge badge-danger'>04.24.2024 9:00:32 AM</span>
<span class='badge badge-default'>00:00:01:734</span>
&middot; <span class='uri-anchor badge badge-default'>#test-id=32</span>
<span class='badge badge-default pointer float-right ml-1 et'><i class="fa fa-chevron-down"></i></span>
<span class='badge badge-default pointer float-right ct'><i class="fa fa-chevron-up"></i></span>
</div>
<div class="m-t-15"><span class="badge badge-pill badge-default">OpenCartTestRegressionSuite</span>
<span class="badge badge-pill badge-default">ProductInfoTest</span></div>
<div class="m-t-10 m-l-5"></div>
</div>
</div><div class="detail-body mt-4">
<table class="table table-sm">
  <thead><tr><th class="status-col">Status</th><th class="timestamp-col">Timestamp</th><th class="details-col">Details</th></tr></thead>
  <tbody>
      <tr class="event-row">
        <td><span class="badge log pass-bg">Pass</span></td>
        <td>9:00:32 AM</td>
        <td>
          Test passed
        </td>
      </tr>
  </tbody>
</table>
</div>
          </div>
        </li>
        <li class="test-item"  status="pass" test-id="33"
          author=""
          tag="OpenCartTestRegressionSuite ProductInfoTest"
          device="">
          <div class="test-detail">
            <p class="name">ProductImagesCountTest</p>
            <p class="text-sm">
              <span>9:00:32 AM</span> / <span>00:00:01:680</span>
              <span class="badge pass-bg log float-right">Pass</span>
            </p>
          </div>
          <div class="test-contents d-none">
<div class="detail-head">
<div class="p-v-10">
<div class="info">
<h5 class="test-status text-pass">ProductImagesCountTest</h5>
<span class='badge badge-success'>04.24.2024 9:00:32 AM</span>
<span class='badge badge-danger'>04.24.2024 9:00:33 AM</span>
<span class='badge badge-default'>00:00:01:680</span>
&middot; <span class='uri-anchor badge badge-default'>#test-id=33</span>
<span class='badge badge-default pointer float-right ml-1 et'><i class="fa fa-chevron-down"></i></span>
<span class='badge badge-default pointer float-right ct'><i class="fa fa-chevron-up"></i></span>
</div>
<div class="m-t-15"><span class="badge badge-pill badge-default">OpenCartTestRegressionSuite</span>
<span class="badge badge-pill badge-default">ProductInfoTest</span></div>
<div class="m-t-10 m-l-5"></div>
</div>
</div><div class="detail-body mt-4">
<table class="table table-sm">
  <thead><tr><th class="status-col">Status</th><th class="timestamp-col">Timestamp</th><th class="details-col">Details</th></tr></thead>
  <tbody>
      <tr class="event-row">
        <td><span class="badge log pass-bg">Pass</span></td>
        <td>9:00:33 AM</td>
        <td>
          Test passed
        </td>
      </tr>
  </tbody>
</table>
</div>
          </div>
        </li>
      </ul>
    </div>
  </div>
<div class="test-content scrollable">
<div class="test-content-tools">
<ul><li><a class="back-to-test" href="#"><i class="fa fa-arrow-left"></i></a></li></ul>
</div>
<div class="test-content-detail"><div class="detail-body"></div></div>
</div></div>
<div class="test-wrapper row view exception-view attributes-view">
<div class="test-list">
<div class="test-list-tools">
<ul class="tools pull-left"><li><a href=""><span class="font-size-14">Exception</span></a></li></ul>
<ul class="tools text-right"><li><a href="#"><span class="badge badge-primary">1</span></a></li></ul>
</div>
<div class="test-list-wrapper scrollable">
<ul class="test-list-item">
<li class="test-item">
<div class="test-detail">
<span class="meta">
<span class='badge log badge-danger'>3</span>
<span class='badge log badge-skip'>9</span>
</span>
<p class="name">java.lang.AssertionError</p>
<p class="duration text-sm">12 tests</p>
</div>
<div class="test-contents d-none">
<div class="info">
<h4>java.lang.AssertionError</h4>
<span status="fail" class='badge log badge-danger'>3 failed</span>
<span status="skip" class='badge log badge-skip'>9 skipped</span>
</div>
<table class='table table-sm mt-4'>
<thead>
<tr>
<th class="status-col">Status</th>
<th class="timestamp-col">Timestamp</th>
<th>TestName</th>
</tr>
</thead>
<tbody>
<tr class="tag-test-status" status="skip">
<td><span class="badge log skip-bg">Skip</span></td>
<td>08:59:26 AM</td>
<td>
<a href="#" class="linked" test-id='2' id='2'>MainProductNameMetaDataTest</a>
</td>
</tr>
<tr class="tag-test-status" status="skip">
<td><span class="badge log skip-bg">Skip</span></td>
<td>08:59:29 AM</td>
<td>
<a href="#" class="linked" test-id='3' id='3'>MainProductNameMetaDataTest</a>
</td>
</tr>
<tr class="tag-test-status" status="skip">
<td><span class="badge log skip-bg">Skip</span></td>
<td>08:59:31 AM</td>
<td>
<a href="#" class="linked" test-id='4' id='4'>MainProductNameMetaDataTest</a>
</td>
</tr>
<tr class="tag-test-status" status="fail">
<td><span class="badge log fail-bg">Fail</span></td>
<td>08:59:33 AM</td>
<td>
<a href="#" class="linked" test-id='5' id='5'>MainProductNameMetaDataTest</a>
</td>
</tr>
<tr class="tag-test-status" status="skip">
<td><span class="badge log skip-bg">Skip</span></td>
<td>08:59:35 AM</td>
<td>
<a href="#" class="linked" test-id='6' id='6'>MainProductNameMetaDataTest</a>
</td>
</tr>
<tr class="tag-test-status" status="skip">
<td><span class="badge log skip-bg">Skip</span></td>
<td>08:59:38 AM</td>
<td>
<a href="#" class="linked" test-id='7' id='7'>MainProductNameMetaDataTest</a>
</td>
</tr>
<tr class="tag-test-status" status="skip">
<td><span class="badge log skip-bg">Skip</span></td>
<td>08:59:40 AM</td>
<td>
<a href="#" class="linked" test-id='8' id='8'>MainProductNameMetaDataTest</a>
</td>
</tr>
<tr class="tag-test-status" status="fail">
<td><span class="badge log fail-bg">Fail</span></td>
<td>08:59:41 AM</td>
<td>
<a href="#" class="linked" test-id='9' id='9'>MainProductNameMetaDataTest</a>
</td>
</tr>
<tr class="tag-test-status" status="skip">
<td><span class="badge log skip-bg">Skip</span></td>
<td>08:59:44 AM</td>
<td>
<a href="#" class="linked" test-id='10' id='10'>MainProductNameMetaDataTest</a>
</td>
</tr>
<tr class="tag-test-status" status="skip">
<td><span class="badge log skip-bg">Skip</span></td>
<td>08:59:45 AM</td>
<td>
<a href="#" class="linked" test-id='11' id='11'>MainProductNameMetaDataTest</a>
</td>
</tr>
<tr class="tag-test-status" status="skip">
<td><span class="badge log skip-bg">Skip</span></td>
<td>08:59:48 AM</td>
<td>
<a href="#" class="linked" test-id='12' id='12'>MainProductNameMetaDataTest</a>
</td>
</tr>
<tr class="tag-test-status" status="fail">
<td><span class="badge log fail-bg">Fail</span></td>
<td>08:59:49 AM</td>
<td>
<a href="#" class="linked" test-id='13' id='13'>MainProductNameMetaDataTest</a>
</td>
</tr>
</tbody>
</table>
</div>
</li>
</ul>
</div>
</div>
<div class="test-content scrollable">
<div class="test-content-detail">
<div class="detail-body"></div>
</div>
</div>
</div><div class="test-wrapper row view category-view attributes-view">
<div class="test-list">
<div class="test-list-tools">
<ul class="tools pull-left"><li><a href=""><span class="font-size-14">Category</span></a></li></ul>
<ul class="tools text-right"><li><a href="#"><span class="badge badge-primary">2</span></a></li></ul>
</div>
<div class="test-list-wrapper scrollable">
<ul class="test-list-item">
<li class="test-item">
<div class="test-detail">
<span class="meta">
<span class='badge log pass-bg'>21</span>
<span class='badge log badge-danger'>3</span>
<span class='badge log badge-skip'>9</span>
</span>
<p class="name">ProductInfoTest</p>
<p class="duration text-sm">33 tests</p>
</div>
<div class="test-contents d-none">
<div class="info">
<h4>ProductInfoTest</h4>
<span status="pass" class='badge log pass-bg'>21 passed</span>
<span status="fail" class='badge log badge-danger'>3 failed</span>
<span status="skip" class='badge log badge-skip'>9 skipped</span>
</div>
<table class='table table-sm mt-4'>
<thead>
<tr>
<th class="status-col">Status</th>
<th class="timestamp-col">Timestamp</th>
<th>TestName</th>
</tr>
</thead>
<tbody>
<tr class="tag-test-status" status="pass">
<td><span class="badge log pass-bg">Pass</span></td>
<td>08:59:22 AM</td>
<td>
<a href="#" class="linked" test-id='1' id='1'>MainProductNameMetaDataTest</a>
</td>
</tr>
<tr class="tag-test-status" status="skip">
<td><span class="badge log skip-bg">Skip</span></td>
<td>08:59:26 AM</td>
<td>
<a href="#" class="linked" test-id='2' id='2'>MainProductNameMetaDataTest</a>
</td>
</tr>
<tr class="tag-test-status" status="skip">
<td><span class="badge log skip-bg">Skip</span></td>
<td>08:59:29 AM</td>
<td>
<a href="#" class="linked" test-id='3' id='3'>MainProductNameMetaDataTest</a>
</td>
</tr>
<tr class="tag-test-status" status="skip">
<td><span class="badge log skip-bg">Skip</span></td>
<td>08:59:31 AM</td>
<td>
<a href="#" class="linked" test-id='4' id='4'>MainProductNameMetaDataTest</a>
</td>
</tr>
<tr class="tag-test-status" status="fail">
<td><span class="badge log fail-bg">Fail</span></td>
<td>08:59:33 AM</td>
<td>
<a href="#" class="linked" test-id='5' id='5'>MainProductNameMetaDataTest</a>
</td>
</tr>
<tr class="tag-test-status" status="skip">
<td><span class="badge log skip-bg">Skip</span></td>
<td>08:59:35 AM</td>
<td>
<a href="#" class="linked" test-id='6' id='6'>MainProductNameMetaDataTest</a>
</td>
</tr>
<tr class="tag-test-status" status="skip">
<td><span class="badge log skip-bg">Skip</span></td>
<td>08:59:38 AM</td>
<td>
<a href="#" class="linked" test-id='7' id='7'>MainProductNameMetaDataTest</a>
</td>
</tr>
<tr class="tag-test-status" status="skip">
<td><span class="badge log skip-bg">Skip</span></td>
<td>08:59:40 AM</td>
<td>
<a href="#" class="linked" test-id='8' id='8'>MainProductNameMetaDataTest</a>
</td>
</tr>
<tr class="tag-test-status" status="fail">
<td><span class="badge log fail-bg">Fail</span></td>
<td>08:59:41 AM</td>
<td>
<a href="#" class="linked" test-id='9' id='9'>MainProductNameMetaDataTest</a>
</td>
</tr>
<tr class="tag-test-status" status="skip">
<td><span class="badge log skip-bg">Skip</span></td>
<td>08:59:44 AM</td>
<td>
<a href="#" class="linked" test-id='10' id='10'>MainProductNameMetaDataTest</a>
</td>
</tr>
<tr class="tag-test-status" status="skip">
<td><span class="badge log skip-bg">Skip</span></td>
<td>08:59:45 AM</td>
<td>
<a href="#" class="linked" test-id='11' id='11'>MainProductNameMetaDataTest</a>
</td>
</tr>
<tr class="tag-test-status" status="skip">
<td><span class="badge log skip-bg">Skip</span></td>
<td>08:59:48 AM</td>
<td>
<a href="#" class="linked" test-id='12' id='12'>MainProductNameMetaDataTest</a>
</td>
</tr>
<tr class="tag-test-status" status="fail">
<td><span class="badge log fail-bg">Fail</span></td>
<td>08:59:49 AM</td>
<td>
<a href="#" class="linked" test-id='13' id='13'>MainProductNameMetaDataTest</a>
</td>
</tr>
<tr class="tag-test-status" status="pass">
<td><span class="badge log pass-bg">Pass</span></td>
<td>08:59:52 AM</td>
<td>
<a href="#" class="linked" test-id='14' id='14'>ProductDescriptionTest</a>
</td>
</tr>
<tr class="tag-test-status" status="pass">
<td><span class="badge log pass-bg">Pass</span></td>
<td>08:59:53 AM</td>
<td>
<a href="#" class="linked" test-id='15' id='15'>ProductDescriptionTest</a>
</td>
</tr>
<tr class="tag-test-status" status="pass">
<td><span class="badge log pass-bg">Pass</span></td>
<td>08:59:55 AM</td>
<td>
<a href="#" class="linked" test-id='16' id='16'>ProductDescriptionTest</a>
</td>
</tr>
<tr class="tag-test-status" status="pass">
<td><span class="badge log pass-bg">Pass</span></td>
<td>08:59:57 AM</td>
<td>
<a href="#" class="linked" test-id='17' id='17'>ProductDescriptionTest</a>
</td>
</tr>
<tr class="tag-test-status" status="pass">
<td><span class="badge log pass-bg">Pass</span></td>
<td>08:59:58 AM</td>
<td>
<a href="#" class="linked" test-id='18' id='18'>addProductTest</a>
</td>
</tr>
<tr class="tag-test-status" status="pass">
<td><span class="badge log pass-bg">Pass</span></td>
<td>09:00:01 AM</td>
<td>
<a href="#" class="linked" test-id='19' id='19'>addProductTest</a>
</td>
</tr>
<tr class="tag-test-status" status="pass">
<td><span class="badge log pass-bg">Pass</span></td>
<td>09:00:03 AM</td>
<td>
<a href="#" class="linked" test-id='20' id='20'>addProductTest</a>
</td>
</tr>
<tr class="tag-test-status" status="pass">
<td><span class="badge log pass-bg">Pass</span></td>
<td>09:00:06 AM</td>
<td>
<a href="#" class="linked" test-id='21' id='21'>addProductTest</a>
</td>
</tr>
<tr class="tag-test-status" status="pass">
<td><span class="badge log pass-bg">Pass</span></td>
<td>09:00:09 AM</td>
<td>
<a href="#" class="linked" test-id='22' id='22'>clickOnShoppingCartTest</a>
</td>
</tr>
<tr class="tag-test-status" status="pass">
<td><span class="badge log pass-bg">Pass</span></td>
<td>09:00:11 AM</td>
<td>
<a href="#" class="linked" test-id='23' id='23'>clickOnShoppingCartTest</a>
</td>
</tr>
<tr class="tag-test-status" status="pass">
<td><span class="badge log pass-bg">Pass</span></td>
<td>09:00:14 AM</td>
<td>
<a href="#" class="linked" test-id='24' id='24'>clickOnShoppingCartTest</a>
</td>
</tr>
<tr class="tag-test-status" status="pass">
<td><span class="badge log pass-bg">Pass</span></td>
<td>09:00:17 AM</td>
<td>
<a href="#" class="linked" test-id='25' id='25'>clickOnShoppingCartTest</a>
</td>
</tr>
<tr class="tag-test-status" status="pass">
<td><span class="badge log pass-bg">Pass</span></td>
<td>09:00:19 AM</td>
<td>
<a href="#" class="linked" test-id='26' id='26'>mainProductNameTest</a>
</td>
</tr>
<tr class="tag-test-status" status="pass">
<td><span class="badge log pass-bg">Pass</span></td>
<td>09:00:21 AM</td>
<td>
<a href="#" class="linked" test-id='27' id='27'>mainProductNameTest</a>
</td>
</tr>
<tr class="tag-test-status" status="pass">
<td><span class="badge log pass-bg">Pass</span></td>
<td>09:00:23 AM</td>
<td>
<a href="#" class="linked" test-id='28' id='28'>mainProductNameTest</a>
</td>
</tr>
<tr class="tag-test-status" status="pass">
<td><span class="badge log pass-bg">Pass</span></td>
<td>09:00:24 AM</td>
<td>
<a href="#" class="linked" test-id='29' id='29'>mainProductNameTest</a>
</td>
</tr>
<tr class="tag-test-status" status="pass">
<td><span class="badge log pass-bg">Pass</span></td>
<td>09:00:27 AM</td>
<td>
<a href="#" class="linked" test-id='30' id='30'>ProductImagesCountTest</a>
</td>
</tr>
<tr class="tag-test-status" status="pass">
<td><span class="badge log pass-bg">Pass</span></td>
<td>09:00:28 AM</td>
<td>
<a href="#" class="linked" test-id='31' id='31'>ProductImagesCountTest</a>
</td>
</tr>
<tr class="tag-test-status" status="pass">
<td><span class="badge log pass-bg">Pass</span></td>
<td>09:00:30 AM</td>
<td>
<a href="#" class="linked" test-id='32' id='32'>ProductImagesCountTest</a>
</td>
</tr>
<tr class="tag-test-status" status="pass">
<td><span class="badge log pass-bg">Pass</span></td>
<td>09:00:32 AM</td>
<td>
<a href="#" class="linked" test-id='33' id='33'>ProductImagesCountTest</a>
</td>
</tr>
</tbody>
</table>
</div>
</li>
<li class="test-item">
<div class="test-detail">
<span class="meta">
<span class='badge log pass-bg'>21</span>
<span class='badge log badge-danger'>3</span>
<span class='badge log badge-skip'>9</span>
</span>
<p class="name">OpenCartTestRegressionSuite</p>
<p class="duration text-sm">33 tests</p>
</div>
<div class="test-contents d-none">
<div class="info">
<h4>OpenCartTestRegressionSuite</h4>
<span status="pass" class='badge log pass-bg'>21 passed</span>
<span status="fail" class='badge log badge-danger'>3 failed</span>
<span status="skip" class='badge log badge-skip'>9 skipped</span>
</div>
<table class='table table-sm mt-4'>
<thead>
<tr>
<th class="status-col">Status</th>
<th class="timestamp-col">Timestamp</th>
<th>TestName</th>
</tr>
</thead>
<tbody>
<tr class="tag-test-status" status="pass">
<td><span class="badge log pass-bg">Pass</span></td>
<td>08:59:22 AM</td>
<td>
<a href="#" class="linked" test-id='1' id='1'>MainProductNameMetaDataTest</a>
</td>
</tr>
<tr class="tag-test-status" status="skip">
<td><span class="badge log skip-bg">Skip</span></td>
<td>08:59:26 AM</td>
<td>
<a href="#" class="linked" test-id='2' id='2'>MainProductNameMetaDataTest</a>
</td>
</tr>
<tr class="tag-test-status" status="skip">
<td><span class="badge log skip-bg">Skip</span></td>
<td>08:59:29 AM</td>
<td>
<a href="#" class="linked" test-id='3' id='3'>MainProductNameMetaDataTest</a>
</td>
</tr>
<tr class="tag-test-status" status="skip">
<td><span class="badge log skip-bg">Skip</span></td>
<td>08:59:31 AM</td>
<td>
<a href="#" class="linked" test-id='4' id='4'>MainProductNameMetaDataTest</a>
</td>
</tr>
<tr class="tag-test-status" status="fail">
<td><span class="badge log fail-bg">Fail</span></td>
<td>08:59:33 AM</td>
<td>
<a href="#" class="linked" test-id='5' id='5'>MainProductNameMetaDataTest</a>
</td>
</tr>
<tr class="tag-test-status" status="skip">
<td><span class="badge log skip-bg">Skip</span></td>
<td>08:59:35 AM</td>
<td>
<a href="#" class="linked" test-id='6' id='6'>MainProductNameMetaDataTest</a>
</td>
</tr>
<tr class="tag-test-status" status="skip">
<td><span class="badge log skip-bg">Skip</span></td>
<td>08:59:38 AM</td>
<td>
<a href="#" class="linked" test-id='7' id='7'>MainProductNameMetaDataTest</a>
</td>
</tr>
<tr class="tag-test-status" status="skip">
<td><span class="badge log skip-bg">Skip</span></td>
<td>08:59:40 AM</td>
<td>
<a href="#" class="linked" test-id='8' id='8'>MainProductNameMetaDataTest</a>
</td>
</tr>
<tr class="tag-test-status" status="fail">
<td><span class="badge log fail-bg">Fail</span></td>
<td>08:59:41 AM</td>
<td>
<a href="#" class="linked" test-id='9' id='9'>MainProductNameMetaDataTest</a>
</td>
</tr>
<tr class="tag-test-status" status="skip">
<td><span class="badge log skip-bg">Skip</span></td>
<td>08:59:44 AM</td>
<td>
<a href="#" class="linked" test-id='10' id='10'>MainProductNameMetaDataTest</a>
</td>
</tr>
<tr class="tag-test-status" status="skip">
<td><span class="badge log skip-bg">Skip</span></td>
<td>08:59:45 AM</td>
<td>
<a href="#" class="linked" test-id='11' id='11'>MainProductNameMetaDataTest</a>
</td>
</tr>
<tr class="tag-test-status" status="skip">
<td><span class="badge log skip-bg">Skip</span></td>
<td>08:59:48 AM</td>
<td>
<a href="#" class="linked" test-id='12' id='12'>MainProductNameMetaDataTest</a>
</td>
</tr>
<tr class="tag-test-status" status="fail">
<td><span class="badge log fail-bg">Fail</span></td>
<td>08:59:49 AM</td>
<td>
<a href="#" class="linked" test-id='13' id='13'>MainProductNameMetaDataTest</a>
</td>
</tr>
<tr class="tag-test-status" status="pass">
<td><span class="badge log pass-bg">Pass</span></td>
<td>08:59:52 AM</td>
<td>
<a href="#" class="linked" test-id='14' id='14'>ProductDescriptionTest</a>
</td>
</tr>
<tr class="tag-test-status" status="pass">
<td><span class="badge log pass-bg">Pass</span></td>
<td>08:59:53 AM</td>
<td>
<a href="#" class="linked" test-id='15' id='15'>ProductDescriptionTest</a>
</td>
</tr>
<tr class="tag-test-status" status="pass">
<td><span class="badge log pass-bg">Pass</span></td>
<td>08:59:55 AM</td>
<td>
<a href="#" class="linked" test-id='16' id='16'>ProductDescriptionTest</a>
</td>
</tr>
<tr class="tag-test-status" status="pass">
<td><span class="badge log pass-bg">Pass</span></td>
<td>08:59:57 AM</td>
<td>
<a href="#" class="linked" test-id='17' id='17'>ProductDescriptionTest</a>
</td>
</tr>
<tr class="tag-test-status" status="pass">
<td><span class="badge log pass-bg">Pass</span></td>
<td>08:59:58 AM</td>
<td>
<a href="#" class="linked" test-id='18' id='18'>addProductTest</a>
</td>
</tr>
<tr class="tag-test-status" status="pass">
<td><span class="badge log pass-bg">Pass</span></td>
<td>09:00:01 AM</td>
<td>
<a href="#" class="linked" test-id='19' id='19'>addProductTest</a>
</td>
</tr>
<tr class="tag-test-status" status="pass">
<td><span class="badge log pass-bg">Pass</span></td>
<td>09:00:03 AM</td>
<td>
<a href="#" class="linked" test-id='20' id='20'>addProductTest</a>
</td>
</tr>
<tr class="tag-test-status" status="pass">
<td><span class="badge log pass-bg">Pass</span></td>
<td>09:00:06 AM</td>
<td>
<a href="#" class="linked" test-id='21' id='21'>addProductTest</a>
</td>
</tr>
<tr class="tag-test-status" status="pass">
<td><span class="badge log pass-bg">Pass</span></td>
<td>09:00:09 AM</td>
<td>
<a href="#" class="linked" test-id='22' id='22'>clickOnShoppingCartTest</a>
</td>
</tr>
<tr class="tag-test-status" status="pass">
<td><span class="badge log pass-bg">Pass</span></td>
<td>09:00:11 AM</td>
<td>
<a href="#" class="linked" test-id='23' id='23'>clickOnShoppingCartTest</a>
</td>
</tr>
<tr class="tag-test-status" status="pass">
<td><span class="badge log pass-bg">Pass</span></td>
<td>09:00:14 AM</td>
<td>
<a href="#" class="linked" test-id='24' id='24'>clickOnShoppingCartTest</a>
</td>
</tr>
<tr class="tag-test-status" status="pass">
<td><span class="badge log pass-bg">Pass</span></td>
<td>09:00:17 AM</td>
<td>
<a href="#" class="linked" test-id='25' id='25'>clickOnShoppingCartTest</a>
</td>
</tr>
<tr class="tag-test-status" status="pass">
<td><span class="badge log pass-bg">Pass</span></td>
<td>09:00:19 AM</td>
<td>
<a href="#" class="linked" test-id='26' id='26'>mainProductNameTest</a>
</td>
</tr>
<tr class="tag-test-status" status="pass">
<td><span class="badge log pass-bg">Pass</span></td>
<td>09:00:21 AM</td>
<td>
<a href="#" class="linked" test-id='27' id='27'>mainProductNameTest</a>
</td>
</tr>
<tr class="tag-test-status" status="pass">
<td><span class="badge log pass-bg">Pass</span></td>
<td>09:00:23 AM</td>
<td>
<a href="#" class="linked" test-id='28' id='28'>mainProductNameTest</a>
</td>
</tr>
<tr class="tag-test-status" status="pass">
<td><span class="badge log pass-bg">Pass</span></td>
<td>09:00:24 AM</td>
<td>
<a href="#" class="linked" test-id='29' id='29'>mainProductNameTest</a>
</td>
</tr>
<tr class="tag-test-status" status="pass">
<td><span class="badge log pass-bg">Pass</span></td>
<td>09:00:27 AM</td>
<td>
<a href="#" class="linked" test-id='30' id='30'>ProductImagesCountTest</a>
</td>
</tr>
<tr class="tag-test-status" status="pass">
<td><span class="badge log pass-bg">Pass</span></td>
<td>09:00:28 AM</td>
<td>
<a href="#" class="linked" test-id='31' id='31'>ProductImagesCountTest</a>
</td>
</tr>
<tr class="tag-test-status" status="pass">
<td><span class="badge log pass-bg">Pass</span></td>
<td>09:00:30 AM</td>
<td>
<a href="#" class="linked" test-id='32' id='32'>ProductImagesCountTest</a>
</td>
</tr>
<tr class="tag-test-status" status="pass">
<td><span class="badge log pass-bg">Pass</span></td>
<td>09:00:32 AM</td>
<td>
<a href="#" class="linked" test-id='33' id='33'>ProductImagesCountTest</a>
</td>
</tr>
</tbody>
</table>
</div>
</li>
</ul>
</div>
</div>
<div class="test-content scrollable">
<div class="test-content-detail">
<div class="detail-body"></div>
</div>
</div>
</div><div class="container-fluid p-4 view dashboard-view">
<div class="row">
<div class="col-md-3">
<div class="card"><div class="card-body">
<p class="m-b-0">Started</p>
<h3>Apr 24, 2024 08:59:12 AM</h3>
</div></div>
</div>
<div class="col-md-3">
<div class="card"><div class="card-body">
<p class="m-b-0">Ended</p>
<h3>Apr 24, 2024 09:00:35 AM</h3>
</div></div>
</div>
<div class="col-md-3">
<div class="card"><div class="card-body">
<p class="m-b-0 text-pass">Tests Passed</p>
<h3>21</h3>
</div></div>
</div>
<div class="col-md-3">
<div class="card"><div class="card-body">
<p class="m-b-0 text-fail">Tests Failed</p>
<h3>3</h3>
</div></div>
</div>
</div>
<div class="row">
<div class="col-md-6">
<div class="card">
<div class="card-header">
<h6 class="card-title">Tests</h6>
</div>
<div class="card-body">
<div class="">
<canvas id='parent-analysis' width='115' height='90'></canvas>
</div>
</div>
<div class="card-footer">
<div><small data-tooltip='63%'>
<b>21</b> tests passed
</small>
</div>
<div>
<small data-tooltip='9%'><b>3</b> tests failed,
<b>9</b> skipped, <b data-tooltip='0%'>0</b> others
</small>
</div>
</div>
</div>
</div>
<div class="col-md-6">
<div class="card">
<div class="card-header">
<h6 class="card-title">Log events</h6>
</div>
<div class="card-body">
<div class="">
<canvas id='events-analysis' width='115' height='90'></canvas>
</div>
</div>
<div class="card-footer">
<div><small data-tooltip='63%'><b>21</b> events passed</small></div>
<div>
<small data-tooltip='9%'><b>3</b> events failed,
<b data-tooltip='%'>9</b> others
</small>
</div>
</div>
</div>
</div>
</div>
<div class="row"><div class="col-md-12">
<div class="card"><div class="card-header"><p>Timeline</p></div>
<div class="card-body pt-0"><div>
<canvas id="timeline" height="120"></canvas>
</div></div>
</div>
</div></div>
<script>
var timeline = {
"MainProductNameMetaDataTest":3.503,"MainProductNameMetaDataTest":2.354,"MainProductNameMetaDataTest":1.646,"MainProductNameMetaDataTest":1.702,"MainProductNameMetaDataTest":1.676,"MainProductNameMetaDataTest":2.7,"MainProductNameMetaDataTest":1.666,"MainProductNameMetaDataTest":1.686,"MainProductNameMetaDataTest":1.714,"MainProductNameMetaDataTest":1.673,"MainProductNameMetaDataTest":1.864,"MainProductNameMetaDataTest":1.692,"MainProductNameMetaDataTest":1.699,"ProductDescriptionTest":1.662,"ProductDescriptionTest":1.702,"ProductDescriptionTest":1.605,"ProductDescriptionTest":1.92,"addProductTest":2.476,"addProductTest":2.488,"addProductTest":2.638,"addProductTest":2.565,"clickOnShoppingCartTest":2.463,"clickOnShoppingCartTest":2.555,"clickOnShoppingCartTest":3.01,"clickOnShoppingCartTest":2.52,"mainProductNameTest":1.788,"mainProductNameTest":1.675,"mainProductNameTest":1.681,"mainProductNameTest":2.151,"ProductImagesCountTest":1.731,"ProductImagesCountTest":1.686,"ProductImagesCountTest":1.734,"ProductImagesCountTest":1.68
};
</script>
<div class="row">
<div class="col-lg-6 col-md-12 category-container">
<div class="card">
<div class="card-header"><p>Tags</p></div>
<div class="card-body pb-0 pt-0"><table class="table table-sm table-bordered">
<thead><tr class="bg-gray"><th>Name</th><th>Passed</th><th>Failed</th><th>Skipped</th><th>Others</th><th>Passed %</th></tr></thead><tbody>
<tr>
<td>ProductInfoTest</td>
<td>21</td>
<td>3</td>
<td>9</td>
<td>0</td>
<td>63.636%</td>
</tr>
<tr>
<td>OpenCartTestRegressionSuite</td>
<td>21</td>
<td>3</td>
<td>9</td>
<td>0</td>
<td>63.636%</td>
</tr>
</tbody>
</table></div>
</div>
</div>
<div class="col-lg-6 col-md-12 sysenv-container">
<div class="card">
<div class="card-header"><p>System/Environment</p></div>
<div class="card-body pb-0 pt-0"><table class="table table-sm table-bordered">
<thead><tr class="bg-gray"><th>Name</th><th>Value</th></tr></thead>
<tbody>
<tr>
<td>System</td>
<td>WINDOW</td>
</tr>
<tr>
<td>Author</td>
<td>Naveen AutomationLabs</td>
</tr>
<tr>
<td>Build#</td>
<td>1.1</td>
</tr>
<tr>
<td>Team</td>
<td>OMS</td>
</tr>
<tr>
<td>Customer Name</td>
<td>NAL</td>
</tr>
</tbody>
</table></div>
</div>
</div>
</div>
</div>
<script>
var statusGroup = {
parentCount: 5,
passParent: 21,
failParent: 3,
warningParent: 0,
skipParent: 9,
childCount: 5,
passChild: 0,
failChild: 0,
warningChild: 0,
skipChild: 0,
infoChild: 0,
grandChildCount: 5,
passGrandChild: 0,
failGrandChild: 0,
warningGrandChild: 0,
skipGrandChild: 0,
infoGrandChild: 0,
eventsCount: 5,
passEvents: 21,
failEvents: 3,
warningEvents: 0,
skipEvents: 9,
infoEvents: 0
};
</script>        </div>
      </div>
    </div>
  </div>
<script src="https://cdn.jsdelivr.net/gh/extent-framework/extent-github-cdn@d6562a79075e061305ccfdb82f01e5e195e2d307/spark/js/spark-script.js"></script>
<script type="text/javascript"></script></body>
</html>